[0.065s] DEBUG:colcon:Command line arguments: ['/usr/bin/colcon', 'build']
[0.065s] DEBUG:colcon:Parsed command line arguments: Namespace(log_base=None, log_level=None, verb_name='build', build_base='build', install_base='install', merge_install=False, symlink_install=False, test_result_base=None, continue_on_error=False, executor='parallel', parallel_workers=16, event_handlers=None, ignore_user_meta=False, metas=['./colcon.meta'], base_paths=['.'], packages_ignore=None, packages_ignore_regex=None, paths=None, packages_up_to=None, packages_up_to_regex=None, packages_above=None, packages_above_and_dependencies=None, packages_above_depth=None, packages_select_by_dep=None, packages_skip_by_dep=None, packages_skip_up_to=None, packages_select_build_failed=False, packages_skip_build_finished=False, packages_select_test_failures=False, packages_skip_test_passed=False, packages_select=None, packages_skip=None, packages_select_regex=None, packages_skip_regex=None, packages_start=None, packages_end=None, allow_overriding=[], cmake_args=None, cmake_target=None, cmake_target_skip_unavailable=False, cmake_clean_cache=False, cmake_clean_first=False, cmake_force_configure=False, ament_cmake_args=None, catkin_cmake_args=None, catkin_skip_building_tests=False, verb_parser=<colcon_defaults.argument_parser.defaults.DefaultArgumentsDecorator object at 0x781a49b30b20>, verb_extension=<colcon_core.verb.build.BuildVerb object at 0x781a49c29ff0>, main=<bound method BuildVerb.main of <colcon_core.verb.build.BuildVerb object at 0x781a49c29ff0>>)
[0.162s] Level 1:colcon.colcon_core.package_discovery:discover_packages(colcon_meta) check parameters
[0.162s] Level 1:colcon.colcon_core.package_discovery:discover_packages(recursive) check parameters
[0.162s] Level 1:colcon.colcon_core.package_discovery:discover_packages(ignore) check parameters
[0.163s] Level 1:colcon.colcon_core.package_discovery:discover_packages(path) check parameters
[0.163s] Level 1:colcon.colcon_core.package_discovery:discover_packages(colcon_meta) discover
[0.163s] Level 1:colcon.colcon_core.package_discovery:discover_packages(recursive) discover
[0.163s] INFO:colcon.colcon_core.package_discovery:Crawling recursively for packages in '/home/shivam/code-masala/SeDriCa-BatMobile-v2'
[0.163s] Level 1:colcon.colcon_core.package_identification:_identify(.) by extensions ['ignore', 'ignore_ament_install']
[0.163s] Level 1:colcon.colcon_core.package_identification:_identify(.) by extension 'ignore'
[0.163s] Level 1:colcon.colcon_core.package_identification:_identify(.) by extension 'ignore_ament_install'
[0.163s] Level 1:colcon.colcon_core.package_identification:_identify(.) by extensions ['colcon_pkg']
[0.163s] Level 1:colcon.colcon_core.package_identification:_identify(.) by extension 'colcon_pkg'
[0.163s] Level 1:colcon.colcon_core.package_identification:_identify(.) by extensions ['colcon_meta']
[0.163s] Level 1:colcon.colcon_core.package_identification:_identify(.) by extension 'colcon_meta'
[0.163s] Level 1:colcon.colcon_core.package_identification:_identify(.) by extensions ['ros']
[0.163s] Level 1:colcon.colcon_core.package_identification:_identify(.) by extension 'ros'
[0.171s] Level 1:colcon.colcon_core.package_identification:_identify(.) by extensions ['cmake', 'python']
[0.171s] Level 1:colcon.colcon_core.package_identification:_identify(.) by extension 'cmake'
[0.171s] Level 1:colcon.colcon_core.package_identification:_identify(.) by extension 'python'
[0.171s] Level 1:colcon.colcon_core.package_identification:_identify(.) by extensions ['python_setup_py']
[0.171s] Level 1:colcon.colcon_core.package_identification:_identify(.) by extension 'python_setup_py'
[0.171s] Level 1:colcon.colcon_core.package_identification:_identify(build) by extensions ['ignore', 'ignore_ament_install']
[0.171s] Level 1:colcon.colcon_core.package_identification:_identify(build) by extension 'ignore'
[0.171s] Level 1:colcon.colcon_core.package_identification:_identify(build) ignored
[0.171s] Level 1:colcon.colcon_core.package_identification:_identify(install) by extensions ['ignore', 'ignore_ament_install']
[0.171s] Level 1:colcon.colcon_core.package_identification:_identify(install) by extension 'ignore'
[0.171s] Level 1:colcon.colcon_core.package_identification:_identify(install) ignored
[0.171s] Level 1:colcon.colcon_core.package_identification:_identify(log) by extensions ['ignore', 'ignore_ament_install']
[0.171s] Level 1:colcon.colcon_core.package_identification:_identify(log) by extension 'ignore'
[0.171s] Level 1:colcon.colcon_core.package_identification:_identify(log) ignored
[0.172s] Level 1:colcon.colcon_core.package_identification:_identify(mp) by extensions ['ignore', 'ignore_ament_install']
[0.172s] Level 1:colcon.colcon_core.package_identification:_identify(mp) by extension 'ignore'
[0.172s] Level 1:colcon.colcon_core.package_identification:_identify(mp) by extension 'ignore_ament_install'
[0.172s] Level 1:colcon.colcon_core.package_identification:_identify(mp) by extensions ['colcon_pkg']
[0.172s] Level 1:colcon.colcon_core.package_identification:_identify(mp) by extension 'colcon_pkg'
[0.172s] Level 1:colcon.colcon_core.package_identification:_identify(mp) by extensions ['colcon_meta']
[0.172s] Level 1:colcon.colcon_core.package_identification:_identify(mp) by extension 'colcon_meta'
[0.172s] Level 1:colcon.colcon_core.package_identification:_identify(mp) by extensions ['ros']
[0.172s] Level 1:colcon.colcon_core.package_identification:_identify(mp) by extension 'ros'
[0.173s] DEBUG:colcon.colcon_core.package_identification:Package 'mp' with type 'ros.ament_cmake' and name 'mp'
[0.173s] Level 1:colcon.colcon_core.package_identification:_identify(perception) by extensions ['ignore', 'ignore_ament_install']
[0.173s] Level 1:colcon.colcon_core.package_identification:_identify(perception) by extension 'ignore'
[0.173s] Level 1:colcon.colcon_core.package_identification:_identify(perception) by extension 'ignore_ament_install'
[0.173s] Level 1:colcon.colcon_core.package_identification:_identify(perception) by extensions ['colcon_pkg']
[0.173s] Level 1:colcon.colcon_core.package_identification:_identify(perception) by extension 'colcon_pkg'
[0.174s] Level 1:colcon.colcon_core.package_identification:_identify(perception) by extensions ['colcon_meta']
[0.174s] Level 1:colcon.colcon_core.package_identification:_identify(perception) by extension 'colcon_meta'
[0.174s] Level 1:colcon.colcon_core.package_identification:_identify(perception) by extensions ['ros']
[0.174s] Level 1:colcon.colcon_core.package_identification:_identify(perception) by extension 'ros'
[0.174s] Level 1:colcon.colcon_core.package_identification:_identify(perception) by extensions ['cmake', 'python']
[0.174s] Level 1:colcon.colcon_core.package_identification:_identify(perception) by extension 'cmake'
[0.174s] Level 1:colcon.colcon_core.package_identification:_identify(perception) by extension 'python'
[0.174s] Level 1:colcon.colcon_core.package_identification:_identify(perception) by extensions ['python_setup_py']
[0.174s] Level 1:colcon.colcon_core.package_identification:_identify(perception) by extension 'python_setup_py'
[0.174s] Level 1:colcon.colcon_core.package_identification:_identify(perception/src) by extensions ['ignore', 'ignore_ament_install']
[0.174s] Level 1:colcon.colcon_core.package_identification:_identify(perception/src) by extension 'ignore'
[0.174s] Level 1:colcon.colcon_core.package_identification:_identify(perception/src) by extension 'ignore_ament_install'
[0.174s] Level 1:colcon.colcon_core.package_identification:_identify(perception/src) by extensions ['colcon_pkg']
[0.174s] Level 1:colcon.colcon_core.package_identification:_identify(perception/src) by extension 'colcon_pkg'
[0.174s] Level 1:colcon.colcon_core.package_identification:_identify(perception/src) by extensions ['colcon_meta']
[0.174s] Level 1:colcon.colcon_core.package_identification:_identify(perception/src) by extension 'colcon_meta'
[0.174s] Level 1:colcon.colcon_core.package_identification:_identify(perception/src) by extensions ['ros']
[0.174s] Level 1:colcon.colcon_core.package_identification:_identify(perception/src) by extension 'ros'
[0.174s] Level 1:colcon.colcon_core.package_identification:_identify(perception/src) by extensions ['cmake', 'python']
[0.174s] Level 1:colcon.colcon_core.package_identification:_identify(perception/src) by extension 'cmake'
[0.174s] Level 1:colcon.colcon_core.package_identification:_identify(perception/src) by extension 'python'
[0.174s] Level 1:colcon.colcon_core.package_identification:_identify(perception/src) by extensions ['python_setup_py']
[0.174s] Level 1:colcon.colcon_core.package_identification:_identify(perception/src) by extension 'python_setup_py'
[0.174s] Level 1:colcon.colcon_core.package_identification:_identify(perception/src/batmobile_perception) by extensions ['ignore', 'ignore_ament_install']
[0.174s] Level 1:colcon.colcon_core.package_identification:_identify(perception/src/batmobile_perception) by extension 'ignore'
[0.174s] Level 1:colcon.colcon_core.package_identification:_identify(perception/src/batmobile_perception) by extension 'ignore_ament_install'
[0.174s] Level 1:colcon.colcon_core.package_identification:_identify(perception/src/batmobile_perception) by extensions ['colcon_pkg']
[0.174s] Level 1:colcon.colcon_core.package_identification:_identify(perception/src/batmobile_perception) by extension 'colcon_pkg'
[0.174s] Level 1:colcon.colcon_core.package_identification:_identify(perception/src/batmobile_perception) by extensions ['colcon_meta']
[0.174s] Level 1:colcon.colcon_core.package_identification:_identify(perception/src/batmobile_perception) by extension 'colcon_meta'
[0.174s] Level 1:colcon.colcon_core.package_identification:_identify(perception/src/batmobile_perception) by extensions ['ros']
[0.174s] Level 1:colcon.colcon_core.package_identification:_identify(perception/src/batmobile_perception) by extension 'ros'
[0.175s] DEBUG:colcon.colcon_core.package_identification:Package 'perception/src/batmobile_perception' with type 'ros.ament_python' and name 'batmobile_perception'
[0.175s] Level 1:colcon.colcon_core.package_identification:_identify(yolov5) by extensions ['ignore', 'ignore_ament_install']
[0.175s] Level 1:colcon.colcon_core.package_identification:_identify(yolov5) by extension 'ignore'
[0.175s] Level 1:colcon.colcon_core.package_identification:_identify(yolov5) by extension 'ignore_ament_install'
[0.175s] Level 1:colcon.colcon_core.package_identification:_identify(yolov5) by extensions ['colcon_pkg']
[0.175s] Level 1:colcon.colcon_core.package_identification:_identify(yolov5) by extension 'colcon_pkg'
[0.175s] Level 1:colcon.colcon_core.package_identification:_identify(yolov5) by extensions ['colcon_meta']
[0.175s] Level 1:colcon.colcon_core.package_identification:_identify(yolov5) by extension 'colcon_meta'
[0.175s] Level 1:colcon.colcon_core.package_identification:_identify(yolov5) by extensions ['ros']
[0.175s] Level 1:colcon.colcon_core.package_identification:_identify(yolov5) by extension 'ros'
[0.175s] Level 1:colcon.colcon_core.package_identification:_identify(yolov5) by extensions ['cmake', 'python']
[0.175s] Level 1:colcon.colcon_core.package_identification:_identify(yolov5) by extension 'cmake'
[0.175s] Level 1:colcon.colcon_core.package_identification:_identify(yolov5) by extension 'python'
[0.175s] Level 1:colcon.colcon_core.package_identification:_identify(yolov5) by extensions ['python_setup_py']
[0.175s] Level 1:colcon.colcon_core.package_identification:_identify(yolov5) by extension 'python_setup_py'
[0.175s] Level 1:colcon.colcon_core.package_identification:_identify(yolov5/classify) by extensions ['ignore', 'ignore_ament_install']
[0.175s] Level 1:colcon.colcon_core.package_identification:_identify(yolov5/classify) by extension 'ignore'
[0.175s] Level 1:colcon.colcon_core.package_identification:_identify(yolov5/classify) by extension 'ignore_ament_install'
[0.175s] Level 1:colcon.colcon_core.package_identification:_identify(yolov5/classify) by extensions ['colcon_pkg']
[0.175s] Level 1:colcon.colcon_core.package_identification:_identify(yolov5/classify) by extension 'colcon_pkg'
[0.175s] Level 1:colcon.colcon_core.package_identification:_identify(yolov5/classify) by extensions ['colcon_meta']
[0.175s] Level 1:colcon.colcon_core.package_identification:_identify(yolov5/classify) by extension 'colcon_meta'
[0.175s] Level 1:colcon.colcon_core.package_identification:_identify(yolov5/classify) by extensions ['ros']
[0.175s] Level 1:colcon.colcon_core.package_identification:_identify(yolov5/classify) by extension 'ros'
[0.175s] Level 1:colcon.colcon_core.package_identification:_identify(yolov5/classify) by extensions ['cmake', 'python']
[0.175s] Level 1:colcon.colcon_core.package_identification:_identify(yolov5/classify) by extension 'cmake'
[0.175s] Level 1:colcon.colcon_core.package_identification:_identify(yolov5/classify) by extension 'python'
[0.175s] Level 1:colcon.colcon_core.package_identification:_identify(yolov5/classify) by extensions ['python_setup_py']
[0.176s] Level 1:colcon.colcon_core.package_identification:_identify(yolov5/classify) by extension 'python_setup_py'
[0.176s] Level 1:colcon.colcon_core.package_identification:_identify(yolov5/data) by extensions ['ignore', 'ignore_ament_install']
[0.176s] Level 1:colcon.colcon_core.package_identification:_identify(yolov5/data) by extension 'ignore'
[0.176s] Level 1:colcon.colcon_core.package_identification:_identify(yolov5/data) by extension 'ignore_ament_install'
[0.176s] Level 1:colcon.colcon_core.package_identification:_identify(yolov5/data) by extensions ['colcon_pkg']
[0.176s] Level 1:colcon.colcon_core.package_identification:_identify(yolov5/data) by extension 'colcon_pkg'
[0.176s] Level 1:colcon.colcon_core.package_identification:_identify(yolov5/data) by extensions ['colcon_meta']
[0.176s] Level 1:colcon.colcon_core.package_identification:_identify(yolov5/data) by extension 'colcon_meta'
[0.176s] Level 1:colcon.colcon_core.package_identification:_identify(yolov5/data) by extensions ['ros']
[0.176s] Level 1:colcon.colcon_core.package_identification:_identify(yolov5/data) by extension 'ros'
[0.176s] Level 1:colcon.colcon_core.package_identification:_identify(yolov5/data) by extensions ['cmake', 'python']
[0.176s] Level 1:colcon.colcon_core.package_identification:_identify(yolov5/data) by extension 'cmake'
[0.176s] Level 1:colcon.colcon_core.package_identification:_identify(yolov5/data) by extension 'python'
[0.176s] Level 1:colcon.colcon_core.package_identification:_identify(yolov5/data) by extensions ['python_setup_py']
[0.176s] Level 1:colcon.colcon_core.package_identification:_identify(yolov5/data) by extension 'python_setup_py'
[0.176s] Level 1:colcon.colcon_core.package_identification:_identify(yolov5/data/hyps) by extensions ['ignore', 'ignore_ament_install']
[0.176s] Level 1:colcon.colcon_core.package_identification:_identify(yolov5/data/hyps) by extension 'ignore'
[0.176s] Level 1:colcon.colcon_core.package_identification:_identify(yolov5/data/hyps) by extension 'ignore_ament_install'
[0.176s] Level 1:colcon.colcon_core.package_identification:_identify(yolov5/data/hyps) by extensions ['colcon_pkg']
[0.176s] Level 1:colcon.colcon_core.package_identification:_identify(yolov5/data/hyps) by extension 'colcon_pkg'
[0.176s] Level 1:colcon.colcon_core.package_identification:_identify(yolov5/data/hyps) by extensions ['colcon_meta']
[0.176s] Level 1:colcon.colcon_core.package_identification:_identify(yolov5/data/hyps) by extension 'colcon_meta'
[0.176s] Level 1:colcon.colcon_core.package_identification:_identify(yolov5/data/hyps) by extensions ['ros']
[0.176s] Level 1:colcon.colcon_core.package_identification:_identify(yolov5/data/hyps) by extension 'ros'
[0.176s] Level 1:colcon.colcon_core.package_identification:_identify(yolov5/data/hyps) by extensions ['cmake', 'python']
[0.176s] Level 1:colcon.colcon_core.package_identification:_identify(yolov5/data/hyps) by extension 'cmake'
[0.176s] Level 1:colcon.colcon_core.package_identification:_identify(yolov5/data/hyps) by extension 'python'
[0.176s] Level 1:colcon.colcon_core.package_identification:_identify(yolov5/data/hyps) by extensions ['python_setup_py']
[0.176s] Level 1:colcon.colcon_core.package_identification:_identify(yolov5/data/hyps) by extension 'python_setup_py'
[0.176s] Level 1:colcon.colcon_core.package_identification:_identify(yolov5/data/images) by extensions ['ignore', 'ignore_ament_install']
[0.176s] Level 1:colcon.colcon_core.package_identification:_identify(yolov5/data/images) by extension 'ignore'
[0.176s] Level 1:colcon.colcon_core.package_identification:_identify(yolov5/data/images) by extension 'ignore_ament_install'
[0.176s] Level 1:colcon.colcon_core.package_identification:_identify(yolov5/data/images) by extensions ['colcon_pkg']
[0.176s] Level 1:colcon.colcon_core.package_identification:_identify(yolov5/data/images) by extension 'colcon_pkg'
[0.176s] Level 1:colcon.colcon_core.package_identification:_identify(yolov5/data/images) by extensions ['colcon_meta']
[0.176s] Level 1:colcon.colcon_core.package_identification:_identify(yolov5/data/images) by extension 'colcon_meta'
[0.176s] Level 1:colcon.colcon_core.package_identification:_identify(yolov5/data/images) by extensions ['ros']
[0.176s] Level 1:colcon.colcon_core.package_identification:_identify(yolov5/data/images) by extension 'ros'
[0.176s] Level 1:colcon.colcon_core.package_identification:_identify(yolov5/data/images) by extensions ['cmake', 'python']
[0.176s] Level 1:colcon.colcon_core.package_identification:_identify(yolov5/data/images) by extension 'cmake'
[0.177s] Level 1:colcon.colcon_core.package_identification:_identify(yolov5/data/images) by extension 'python'
[0.177s] Level 1:colcon.colcon_core.package_identification:_identify(yolov5/data/images) by extensions ['python_setup_py']
[0.177s] Level 1:colcon.colcon_core.package_identification:_identify(yolov5/data/images) by extension 'python_setup_py'
[0.177s] Level 1:colcon.colcon_core.package_identification:_identify(yolov5/data/scripts) by extensions ['ignore', 'ignore_ament_install']
[0.177s] Level 1:colcon.colcon_core.package_identification:_identify(yolov5/data/scripts) by extension 'ignore'
[0.177s] Level 1:colcon.colcon_core.package_identification:_identify(yolov5/data/scripts) by extension 'ignore_ament_install'
[0.177s] Level 1:colcon.colcon_core.package_identification:_identify(yolov5/data/scripts) by extensions ['colcon_pkg']
[0.177s] Level 1:colcon.colcon_core.package_identification:_identify(yolov5/data/scripts) by extension 'colcon_pkg'
[0.177s] Level 1:colcon.colcon_core.package_identification:_identify(yolov5/data/scripts) by extensions ['colcon_meta']
[0.177s] Level 1:colcon.colcon_core.package_identification:_identify(yolov5/data/scripts) by extension 'colcon_meta'
[0.177s] Level 1:colcon.colcon_core.package_identification:_identify(yolov5/data/scripts) by extensions ['ros']
[0.177s] Level 1:colcon.colcon_core.package_identification:_identify(yolov5/data/scripts) by extension 'ros'
[0.177s] Level 1:colcon.colcon_core.package_identification:_identify(yolov5/data/scripts) by extensions ['cmake', 'python']
[0.177s] Level 1:colcon.colcon_core.package_identification:_identify(yolov5/data/scripts) by extension 'cmake'
[0.177s] Level 1:colcon.colcon_core.package_identification:_identify(yolov5/data/scripts) by extension 'python'
[0.177s] Level 1:colcon.colcon_core.package_identification:_identify(yolov5/data/scripts) by extensions ['python_setup_py']
[0.177s] Level 1:colcon.colcon_core.package_identification:_identify(yolov5/data/scripts) by extension 'python_setup_py'
[0.177s] Level 1:colcon.colcon_core.package_identification:_identify(yolov5/models) by extensions ['ignore', 'ignore_ament_install']
[0.177s] Level 1:colcon.colcon_core.package_identification:_identify(yolov5/models) by extension 'ignore'
[0.177s] Level 1:colcon.colcon_core.package_identification:_identify(yolov5/models) by extension 'ignore_ament_install'
[0.177s] Level 1:colcon.colcon_core.package_identification:_identify(yolov5/models) by extensions ['colcon_pkg']
[0.177s] Level 1:colcon.colcon_core.package_identification:_identify(yolov5/models) by extension 'colcon_pkg'
[0.177s] Level 1:colcon.colcon_core.package_identification:_identify(yolov5/models) by extensions ['colcon_meta']
[0.177s] Level 1:colcon.colcon_core.package_identification:_identify(yolov5/models) by extension 'colcon_meta'
[0.177s] Level 1:colcon.colcon_core.package_identification:_identify(yolov5/models) by extensions ['ros']
[0.177s] Level 1:colcon.colcon_core.package_identification:_identify(yolov5/models) by extension 'ros'
[0.177s] Level 1:colcon.colcon_core.package_identification:_identify(yolov5/models) by extensions ['cmake', 'python']
[0.177s] Level 1:colcon.colcon_core.package_identification:_identify(yolov5/models) by extension 'cmake'
[0.177s] Level 1:colcon.colcon_core.package_identification:_identify(yolov5/models) by extension 'python'
[0.177s] Level 1:colcon.colcon_core.package_identification:_identify(yolov5/models) by extensions ['python_setup_py']
[0.177s] Level 1:colcon.colcon_core.package_identification:_identify(yolov5/models) by extension 'python_setup_py'
[0.177s] Level 1:colcon.colcon_core.package_identification:_identify(yolov5/models/hub) by extensions ['ignore', 'ignore_ament_install']
[0.177s] Level 1:colcon.colcon_core.package_identification:_identify(yolov5/models/hub) by extension 'ignore'
[0.177s] Level 1:colcon.colcon_core.package_identification:_identify(yolov5/models/hub) by extension 'ignore_ament_install'
[0.177s] Level 1:colcon.colcon_core.package_identification:_identify(yolov5/models/hub) by extensions ['colcon_pkg']
[0.177s] Level 1:colcon.colcon_core.package_identification:_identify(yolov5/models/hub) by extension 'colcon_pkg'
[0.177s] Level 1:colcon.colcon_core.package_identification:_identify(yolov5/models/hub) by extensions ['colcon_meta']
[0.177s] Level 1:colcon.colcon_core.package_identification:_identify(yolov5/models/hub) by extension 'colcon_meta'
[0.177s] Level 1:colcon.colcon_core.package_identification:_identify(yolov5/models/hub) by extensions ['ros']
[0.177s] Level 1:colcon.colcon_core.package_identification:_identify(yolov5/models/hub) by extension 'ros'
[0.178s] Level 1:colcon.colcon_core.package_identification:_identify(yolov5/models/hub) by extensions ['cmake', 'python']
[0.178s] Level 1:colcon.colcon_core.package_identification:_identify(yolov5/models/hub) by extension 'cmake'
[0.178s] Level 1:colcon.colcon_core.package_identification:_identify(yolov5/models/hub) by extension 'python'
[0.178s] Level 1:colcon.colcon_core.package_identification:_identify(yolov5/models/hub) by extensions ['python_setup_py']
[0.178s] Level 1:colcon.colcon_core.package_identification:_identify(yolov5/models/hub) by extension 'python_setup_py'
[0.178s] Level 1:colcon.colcon_core.package_identification:_identify(yolov5/models/segment) by extensions ['ignore', 'ignore_ament_install']
[0.178s] Level 1:colcon.colcon_core.package_identification:_identify(yolov5/models/segment) by extension 'ignore'
[0.178s] Level 1:colcon.colcon_core.package_identification:_identify(yolov5/models/segment) by extension 'ignore_ament_install'
[0.178s] Level 1:colcon.colcon_core.package_identification:_identify(yolov5/models/segment) by extensions ['colcon_pkg']
[0.178s] Level 1:colcon.colcon_core.package_identification:_identify(yolov5/models/segment) by extension 'colcon_pkg'
[0.178s] Level 1:colcon.colcon_core.package_identification:_identify(yolov5/models/segment) by extensions ['colcon_meta']
[0.178s] Level 1:colcon.colcon_core.package_identification:_identify(yolov5/models/segment) by extension 'colcon_meta'
[0.178s] Level 1:colcon.colcon_core.package_identification:_identify(yolov5/models/segment) by extensions ['ros']
[0.178s] Level 1:colcon.colcon_core.package_identification:_identify(yolov5/models/segment) by extension 'ros'
[0.178s] Level 1:colcon.colcon_core.package_identification:_identify(yolov5/models/segment) by extensions ['cmake', 'python']
[0.178s] Level 1:colcon.colcon_core.package_identification:_identify(yolov5/models/segment) by extension 'cmake'
[0.178s] Level 1:colcon.colcon_core.package_identification:_identify(yolov5/models/segment) by extension 'python'
[0.178s] Level 1:colcon.colcon_core.package_identification:_identify(yolov5/models/segment) by extensions ['python_setup_py']
[0.178s] Level 1:colcon.colcon_core.package_identification:_identify(yolov5/models/segment) by extension 'python_setup_py'
[0.178s] Level 1:colcon.colcon_core.package_identification:_identify(yolov5/segment) by extensions ['ignore', 'ignore_ament_install']
[0.178s] Level 1:colcon.colcon_core.package_identification:_identify(yolov5/segment) by extension 'ignore'
[0.178s] Level 1:colcon.colcon_core.package_identification:_identify(yolov5/segment) by extension 'ignore_ament_install'
[0.178s] Level 1:colcon.colcon_core.package_identification:_identify(yolov5/segment) by extensions ['colcon_pkg']
[0.178s] Level 1:colcon.colcon_core.package_identification:_identify(yolov5/segment) by extension 'colcon_pkg'
[0.178s] Level 1:colcon.colcon_core.package_identification:_identify(yolov5/segment) by extensions ['colcon_meta']
[0.178s] Level 1:colcon.colcon_core.package_identification:_identify(yolov5/segment) by extension 'colcon_meta'
[0.178s] Level 1:colcon.colcon_core.package_identification:_identify(yolov5/segment) by extensions ['ros']
[0.178s] Level 1:colcon.colcon_core.package_identification:_identify(yolov5/segment) by extension 'ros'
[0.178s] Level 1:colcon.colcon_core.package_identification:_identify(yolov5/segment) by extensions ['cmake', 'python']
[0.178s] Level 1:colcon.colcon_core.package_identification:_identify(yolov5/segment) by extension 'cmake'
[0.178s] Level 1:colcon.colcon_core.package_identification:_identify(yolov5/segment) by extension 'python'
[0.178s] Level 1:colcon.colcon_core.package_identification:_identify(yolov5/segment) by extensions ['python_setup_py']
[0.178s] Level 1:colcon.colcon_core.package_identification:_identify(yolov5/segment) by extension 'python_setup_py'
[0.178s] Level 1:colcon.colcon_core.package_identification:_identify(yolov5/utils) by extensions ['ignore', 'ignore_ament_install']
[0.178s] Level 1:colcon.colcon_core.package_identification:_identify(yolov5/utils) by extension 'ignore'
[0.178s] Level 1:colcon.colcon_core.package_identification:_identify(yolov5/utils) by extension 'ignore_ament_install'
[0.178s] Level 1:colcon.colcon_core.package_identification:_identify(yolov5/utils) by extensions ['colcon_pkg']
[0.178s] Level 1:colcon.colcon_core.package_identification:_identify(yolov5/utils) by extension 'colcon_pkg'
[0.178s] Level 1:colcon.colcon_core.package_identification:_identify(yolov5/utils) by extensions ['colcon_meta']
[0.178s] Level 1:colcon.colcon_core.package_identification:_identify(yolov5/utils) by extension 'colcon_meta'
[0.179s] Level 1:colcon.colcon_core.package_identification:_identify(yolov5/utils) by extensions ['ros']
[0.179s] Level 1:colcon.colcon_core.package_identification:_identify(yolov5/utils) by extension 'ros'
[0.179s] Level 1:colcon.colcon_core.package_identification:_identify(yolov5/utils) by extensions ['cmake', 'python']
[0.179s] Level 1:colcon.colcon_core.package_identification:_identify(yolov5/utils) by extension 'cmake'
[0.179s] Level 1:colcon.colcon_core.package_identification:_identify(yolov5/utils) by extension 'python'
[0.179s] Level 1:colcon.colcon_core.package_identification:_identify(yolov5/utils) by extensions ['python_setup_py']
[0.179s] Level 1:colcon.colcon_core.package_identification:_identify(yolov5/utils) by extension 'python_setup_py'
[0.179s] Level 1:colcon.colcon_core.package_identification:_identify(yolov5/utils/aws) by extensions ['ignore', 'ignore_ament_install']
[0.179s] Level 1:colcon.colcon_core.package_identification:_identify(yolov5/utils/aws) by extension 'ignore'
[0.179s] Level 1:colcon.colcon_core.package_identification:_identify(yolov5/utils/aws) by extension 'ignore_ament_install'
[0.179s] Level 1:colcon.colcon_core.package_identification:_identify(yolov5/utils/aws) by extensions ['colcon_pkg']
[0.179s] Level 1:colcon.colcon_core.package_identification:_identify(yolov5/utils/aws) by extension 'colcon_pkg'
[0.179s] Level 1:colcon.colcon_core.package_identification:_identify(yolov5/utils/aws) by extensions ['colcon_meta']
[0.179s] Level 1:colcon.colcon_core.package_identification:_identify(yolov5/utils/aws) by extension 'colcon_meta'
[0.179s] Level 1:colcon.colcon_core.package_identification:_identify(yolov5/utils/aws) by extensions ['ros']
[0.179s] Level 1:colcon.colcon_core.package_identification:_identify(yolov5/utils/aws) by extension 'ros'
[0.179s] Level 1:colcon.colcon_core.package_identification:_identify(yolov5/utils/aws) by extensions ['cmake', 'python']
[0.179s] Level 1:colcon.colcon_core.package_identification:_identify(yolov5/utils/aws) by extension 'cmake'
[0.179s] Level 1:colcon.colcon_core.package_identification:_identify(yolov5/utils/aws) by extension 'python'
[0.179s] Level 1:colcon.colcon_core.package_identification:_identify(yolov5/utils/aws) by extensions ['python_setup_py']
[0.179s] Level 1:colcon.colcon_core.package_identification:_identify(yolov5/utils/aws) by extension 'python_setup_py'
[0.179s] Level 1:colcon.colcon_core.package_identification:_identify(yolov5/utils/docker) by extensions ['ignore', 'ignore_ament_install']
[0.179s] Level 1:colcon.colcon_core.package_identification:_identify(yolov5/utils/docker) by extension 'ignore'
[0.179s] Level 1:colcon.colcon_core.package_identification:_identify(yolov5/utils/docker) by extension 'ignore_ament_install'
[0.179s] Level 1:colcon.colcon_core.package_identification:_identify(yolov5/utils/docker) by extensions ['colcon_pkg']
[0.179s] Level 1:colcon.colcon_core.package_identification:_identify(yolov5/utils/docker) by extension 'colcon_pkg'
[0.179s] Level 1:colcon.colcon_core.package_identification:_identify(yolov5/utils/docker) by extensions ['colcon_meta']
[0.179s] Level 1:colcon.colcon_core.package_identification:_identify(yolov5/utils/docker) by extension 'colcon_meta'
[0.179s] Level 1:colcon.colcon_core.package_identification:_identify(yolov5/utils/docker) by extensions ['ros']
[0.179s] Level 1:colcon.colcon_core.package_identification:_identify(yolov5/utils/docker) by extension 'ros'
[0.179s] Level 1:colcon.colcon_core.package_identification:_identify(yolov5/utils/docker) by extensions ['cmake', 'python']
[0.179s] Level 1:colcon.colcon_core.package_identification:_identify(yolov5/utils/docker) by extension 'cmake'
[0.179s] Level 1:colcon.colcon_core.package_identification:_identify(yolov5/utils/docker) by extension 'python'
[0.179s] Level 1:colcon.colcon_core.package_identification:_identify(yolov5/utils/docker) by extensions ['python_setup_py']
[0.179s] Level 1:colcon.colcon_core.package_identification:_identify(yolov5/utils/docker) by extension 'python_setup_py'
[0.179s] Level 1:colcon.colcon_core.package_identification:_identify(yolov5/utils/flask_rest_api) by extensions ['ignore', 'ignore_ament_install']
[0.179s] Level 1:colcon.colcon_core.package_identification:_identify(yolov5/utils/flask_rest_api) by extension 'ignore'
[0.180s] Level 1:colcon.colcon_core.package_identification:_identify(yolov5/utils/flask_rest_api) by extension 'ignore_ament_install'
[0.180s] Level 1:colcon.colcon_core.package_identification:_identify(yolov5/utils/flask_rest_api) by extensions ['colcon_pkg']
[0.180s] Level 1:colcon.colcon_core.package_identification:_identify(yolov5/utils/flask_rest_api) by extension 'colcon_pkg'
[0.180s] Level 1:colcon.colcon_core.package_identification:_identify(yolov5/utils/flask_rest_api) by extensions ['colcon_meta']
[0.180s] Level 1:colcon.colcon_core.package_identification:_identify(yolov5/utils/flask_rest_api) by extension 'colcon_meta'
[0.180s] Level 1:colcon.colcon_core.package_identification:_identify(yolov5/utils/flask_rest_api) by extensions ['ros']
[0.180s] Level 1:colcon.colcon_core.package_identification:_identify(yolov5/utils/flask_rest_api) by extension 'ros'
[0.180s] Level 1:colcon.colcon_core.package_identification:_identify(yolov5/utils/flask_rest_api) by extensions ['cmake', 'python']
[0.180s] Level 1:colcon.colcon_core.package_identification:_identify(yolov5/utils/flask_rest_api) by extension 'cmake'
[0.180s] Level 1:colcon.colcon_core.package_identification:_identify(yolov5/utils/flask_rest_api) by extension 'python'
[0.180s] Level 1:colcon.colcon_core.package_identification:_identify(yolov5/utils/flask_rest_api) by extensions ['python_setup_py']
[0.180s] Level 1:colcon.colcon_core.package_identification:_identify(yolov5/utils/flask_rest_api) by extension 'python_setup_py'
[0.180s] Level 1:colcon.colcon_core.package_identification:_identify(yolov5/utils/google_app_engine) by extensions ['ignore', 'ignore_ament_install']
[0.180s] Level 1:colcon.colcon_core.package_identification:_identify(yolov5/utils/google_app_engine) by extension 'ignore'
[0.180s] Level 1:colcon.colcon_core.package_identification:_identify(yolov5/utils/google_app_engine) by extension 'ignore_ament_install'
[0.180s] Level 1:colcon.colcon_core.package_identification:_identify(yolov5/utils/google_app_engine) by extensions ['colcon_pkg']
[0.180s] Level 1:colcon.colcon_core.package_identification:_identify(yolov5/utils/google_app_engine) by extension 'colcon_pkg'
[0.180s] Level 1:colcon.colcon_core.package_identification:_identify(yolov5/utils/google_app_engine) by extensions ['colcon_meta']
[0.180s] Level 1:colcon.colcon_core.package_identification:_identify(yolov5/utils/google_app_engine) by extension 'colcon_meta'
[0.180s] Level 1:colcon.colcon_core.package_identification:_identify(yolov5/utils/google_app_engine) by extensions ['ros']
[0.180s] Level 1:colcon.colcon_core.package_identification:_identify(yolov5/utils/google_app_engine) by extension 'ros'
[0.180s] Level 1:colcon.colcon_core.package_identification:_identify(yolov5/utils/google_app_engine) by extensions ['cmake', 'python']
[0.180s] Level 1:colcon.colcon_core.package_identification:_identify(yolov5/utils/google_app_engine) by extension 'cmake'
[0.180s] Level 1:colcon.colcon_core.package_identification:_identify(yolov5/utils/google_app_engine) by extension 'python'
[0.180s] Level 1:colcon.colcon_core.package_identification:_identify(yolov5/utils/google_app_engine) by extensions ['python_setup_py']
[0.180s] Level 1:colcon.colcon_core.package_identification:_identify(yolov5/utils/google_app_engine) by extension 'python_setup_py'
[0.180s] Level 1:colcon.colcon_core.package_identification:_identify(yolov5/utils/loggers) by extensions ['ignore', 'ignore_ament_install']
[0.180s] Level 1:colcon.colcon_core.package_identification:_identify(yolov5/utils/loggers) by extension 'ignore'
[0.180s] Level 1:colcon.colcon_core.package_identification:_identify(yolov5/utils/loggers) by extension 'ignore_ament_install'
[0.180s] Level 1:colcon.colcon_core.package_identification:_identify(yolov5/utils/loggers) by extensions ['colcon_pkg']
[0.180s] Level 1:colcon.colcon_core.package_identification:_identify(yolov5/utils/loggers) by extension 'colcon_pkg'
[0.180s] Level 1:colcon.colcon_core.package_identification:_identify(yolov5/utils/loggers) by extensions ['colcon_meta']
[0.180s] Level 1:colcon.colcon_core.package_identification:_identify(yolov5/utils/loggers) by extension 'colcon_meta'
[0.180s] Level 1:colcon.colcon_core.package_identification:_identify(yolov5/utils/loggers) by extensions ['ros']
[0.180s] Level 1:colcon.colcon_core.package_identification:_identify(yolov5/utils/loggers) by extension 'ros'
[0.180s] Level 1:colcon.colcon_core.package_identification:_identify(yolov5/utils/loggers) by extensions ['cmake', 'python']
[0.180s] Level 1:colcon.colcon_core.package_identification:_identify(yolov5/utils/loggers) by extension 'cmake'
[0.180s] Level 1:colcon.colcon_core.package_identification:_identify(yolov5/utils/loggers) by extension 'python'
[0.180s] Level 1:colcon.colcon_core.package_identification:_identify(yolov5/utils/loggers) by extensions ['python_setup_py']
[0.180s] Level 1:colcon.colcon_core.package_identification:_identify(yolov5/utils/loggers) by extension 'python_setup_py'
[0.180s] Level 1:colcon.colcon_core.package_identification:_identify(yolov5/utils/loggers/clearml) by extensions ['ignore', 'ignore_ament_install']
[0.181s] Level 1:colcon.colcon_core.package_identification:_identify(yolov5/utils/loggers/clearml) by extension 'ignore'
[0.181s] Level 1:colcon.colcon_core.package_identification:_identify(yolov5/utils/loggers/clearml) by extension 'ignore_ament_install'
[0.181s] Level 1:colcon.colcon_core.package_identification:_identify(yolov5/utils/loggers/clearml) by extensions ['colcon_pkg']
[0.181s] Level 1:colcon.colcon_core.package_identification:_identify(yolov5/utils/loggers/clearml) by extension 'colcon_pkg'
[0.181s] Level 1:colcon.colcon_core.package_identification:_identify(yolov5/utils/loggers/clearml) by extensions ['colcon_meta']
[0.181s] Level 1:colcon.colcon_core.package_identification:_identify(yolov5/utils/loggers/clearml) by extension 'colcon_meta'
[0.181s] Level 1:colcon.colcon_core.package_identification:_identify(yolov5/utils/loggers/clearml) by extensions ['ros']
[0.181s] Level 1:colcon.colcon_core.package_identification:_identify(yolov5/utils/loggers/clearml) by extension 'ros'
[0.181s] Level 1:colcon.colcon_core.package_identification:_identify(yolov5/utils/loggers/clearml) by extensions ['cmake', 'python']
[0.181s] Level 1:colcon.colcon_core.package_identification:_identify(yolov5/utils/loggers/clearml) by extension 'cmake'
[0.181s] Level 1:colcon.colcon_core.package_identification:_identify(yolov5/utils/loggers/clearml) by extension 'python'
[0.181s] Level 1:colcon.colcon_core.package_identification:_identify(yolov5/utils/loggers/clearml) by extensions ['python_setup_py']
[0.181s] Level 1:colcon.colcon_core.package_identification:_identify(yolov5/utils/loggers/clearml) by extension 'python_setup_py'
[0.181s] Level 1:colcon.colcon_core.package_identification:_identify(yolov5/utils/loggers/comet) by extensions ['ignore', 'ignore_ament_install']
[0.181s] Level 1:colcon.colcon_core.package_identification:_identify(yolov5/utils/loggers/comet) by extension 'ignore'
[0.181s] Level 1:colcon.colcon_core.package_identification:_identify(yolov5/utils/loggers/comet) by extension 'ignore_ament_install'
[0.181s] Level 1:colcon.colcon_core.package_identification:_identify(yolov5/utils/loggers/comet) by extensions ['colcon_pkg']
[0.181s] Level 1:colcon.colcon_core.package_identification:_identify(yolov5/utils/loggers/comet) by extension 'colcon_pkg'
[0.181s] Level 1:colcon.colcon_core.package_identification:_identify(yolov5/utils/loggers/comet) by extensions ['colcon_meta']
[0.181s] Level 1:colcon.colcon_core.package_identification:_identify(yolov5/utils/loggers/comet) by extension 'colcon_meta'
[0.181s] Level 1:colcon.colcon_core.package_identification:_identify(yolov5/utils/loggers/comet) by extensions ['ros']
[0.181s] Level 1:colcon.colcon_core.package_identification:_identify(yolov5/utils/loggers/comet) by extension 'ros'
[0.181s] Level 1:colcon.colcon_core.package_identification:_identify(yolov5/utils/loggers/comet) by extensions ['cmake', 'python']
[0.181s] Level 1:colcon.colcon_core.package_identification:_identify(yolov5/utils/loggers/comet) by extension 'cmake'
[0.181s] Level 1:colcon.colcon_core.package_identification:_identify(yolov5/utils/loggers/comet) by extension 'python'
[0.181s] Level 1:colcon.colcon_core.package_identification:_identify(yolov5/utils/loggers/comet) by extensions ['python_setup_py']
[0.181s] Level 1:colcon.colcon_core.package_identification:_identify(yolov5/utils/loggers/comet) by extension 'python_setup_py'
[0.181s] Level 1:colcon.colcon_core.package_identification:_identify(yolov5/utils/loggers/wandb) by extensions ['ignore', 'ignore_ament_install']
[0.181s] Level 1:colcon.colcon_core.package_identification:_identify(yolov5/utils/loggers/wandb) by extension 'ignore'
[0.181s] Level 1:colcon.colcon_core.package_identification:_identify(yolov5/utils/loggers/wandb) by extension 'ignore_ament_install'
[0.181s] Level 1:colcon.colcon_core.package_identification:_identify(yolov5/utils/loggers/wandb) by extensions ['colcon_pkg']
[0.181s] Level 1:colcon.colcon_core.package_identification:_identify(yolov5/utils/loggers/wandb) by extension 'colcon_pkg'
[0.181s] Level 1:colcon.colcon_core.package_identification:_identify(yolov5/utils/loggers/wandb) by extensions ['colcon_meta']
[0.181s] Level 1:colcon.colcon_core.package_identification:_identify(yolov5/utils/loggers/wandb) by extension 'colcon_meta'
[0.181s] Level 1:colcon.colcon_core.package_identification:_identify(yolov5/utils/loggers/wandb) by extensions ['ros']
[0.181s] Level 1:colcon.colcon_core.package_identification:_identify(yolov5/utils/loggers/wandb) by extension 'ros'
[0.181s] Level 1:colcon.colcon_core.package_identification:_identify(yolov5/utils/loggers/wandb) by extensions ['cmake', 'python']
[0.181s] Level 1:colcon.colcon_core.package_identification:_identify(yolov5/utils/loggers/wandb) by extension 'cmake'
[0.181s] Level 1:colcon.colcon_core.package_identification:_identify(yolov5/utils/loggers/wandb) by extension 'python'
[0.181s] Level 1:colcon.colcon_core.package_identification:_identify(yolov5/utils/loggers/wandb) by extensions ['python_setup_py']
[0.181s] Level 1:colcon.colcon_core.package_identification:_identify(yolov5/utils/loggers/wandb) by extension 'python_setup_py'
[0.182s] Level 1:colcon.colcon_core.package_identification:_identify(yolov5/utils/segment) by extensions ['ignore', 'ignore_ament_install']
[0.182s] Level 1:colcon.colcon_core.package_identification:_identify(yolov5/utils/segment) by extension 'ignore'
[0.182s] Level 1:colcon.colcon_core.package_identification:_identify(yolov5/utils/segment) by extension 'ignore_ament_install'
[0.182s] Level 1:colcon.colcon_core.package_identification:_identify(yolov5/utils/segment) by extensions ['colcon_pkg']
[0.182s] Level 1:colcon.colcon_core.package_identification:_identify(yolov5/utils/segment) by extension 'colcon_pkg'
[0.182s] Level 1:colcon.colcon_core.package_identification:_identify(yolov5/utils/segment) by extensions ['colcon_meta']
[0.182s] Level 1:colcon.colcon_core.package_identification:_identify(yolov5/utils/segment) by extension 'colcon_meta'
[0.182s] Level 1:colcon.colcon_core.package_identification:_identify(yolov5/utils/segment) by extensions ['ros']
[0.182s] Level 1:colcon.colcon_core.package_identification:_identify(yolov5/utils/segment) by extension 'ros'
[0.182s] Level 1:colcon.colcon_core.package_identification:_identify(yolov5/utils/segment) by extensions ['cmake', 'python']
[0.182s] Level 1:colcon.colcon_core.package_identification:_identify(yolov5/utils/segment) by extension 'cmake'
[0.182s] Level 1:colcon.colcon_core.package_identification:_identify(yolov5/utils/segment) by extension 'python'
[0.182s] Level 1:colcon.colcon_core.package_identification:_identify(yolov5/utils/segment) by extensions ['python_setup_py']
[0.182s] Level 1:colcon.colcon_core.package_identification:_identify(yolov5/utils/segment) by extension 'python_setup_py'
[0.182s] Level 1:colcon.colcon_core.package_discovery:discover_packages(recursive) using defaults
[0.182s] Level 1:colcon.colcon_core.package_discovery:discover_packages(ignore) discover
[0.182s] Level 1:colcon.colcon_core.package_discovery:discover_packages(ignore) using defaults
[0.182s] Level 1:colcon.colcon_core.package_discovery:discover_packages(path) discover
[0.182s] Level 1:colcon.colcon_core.package_discovery:discover_packages(path) using defaults
[0.204s] Level 1:colcon.colcon_core.package_discovery:discover_packages(prefix_path) check parameters
[0.204s] Level 1:colcon.colcon_core.package_discovery:discover_packages(prefix_path) discover
[0.205s] DEBUG:colcon.colcon_installed_package_information.package_discovery:Found 2 installed packages in /home/shivam/code-masala/SeDriCa-BatMobile-v2/install
[0.206s] DEBUG:colcon.colcon_installed_package_information.package_discovery:Found 289 installed packages in /opt/ros/humble
[0.207s] Level 1:colcon.colcon_core.package_discovery:discover_packages(prefix_path) using defaults
[0.228s] Level 5:colcon.colcon_core.verb:set package 'batmobile_perception' build argument 'cmake_args' from command line to 'None'
[0.228s] Level 5:colcon.colcon_core.verb:set package 'batmobile_perception' build argument 'cmake_target' from command line to 'None'
[0.228s] Level 5:colcon.colcon_core.verb:set package 'batmobile_perception' build argument 'cmake_target_skip_unavailable' from command line to 'False'
[0.229s] Level 5:colcon.colcon_core.verb:set package 'batmobile_perception' build argument 'cmake_clean_cache' from command line to 'False'
[0.229s] Level 5:colcon.colcon_core.verb:set package 'batmobile_perception' build argument 'cmake_clean_first' from command line to 'False'
[0.229s] Level 5:colcon.colcon_core.verb:set package 'batmobile_perception' build argument 'cmake_force_configure' from command line to 'False'
[0.229s] Level 5:colcon.colcon_core.verb:set package 'batmobile_perception' build argument 'ament_cmake_args' from command line to 'None'
[0.229s] Level 5:colcon.colcon_core.verb:set package 'batmobile_perception' build argument 'catkin_cmake_args' from command line to 'None'
[0.229s] Level 5:colcon.colcon_core.verb:set package 'batmobile_perception' build argument 'catkin_skip_building_tests' from command line to 'False'
[0.229s] DEBUG:colcon.colcon_core.verb:Building package 'batmobile_perception' with the following arguments: {'ament_cmake_args': None, 'build_base': '/home/shivam/code-masala/SeDriCa-BatMobile-v2/build/batmobile_perception', 'catkin_cmake_args': None, 'catkin_skip_building_tests': False, 'cmake_args': None, 'cmake_clean_cache': False, 'cmake_clean_first': False, 'cmake_force_configure': False, 'cmake_target': None, 'cmake_target_skip_unavailable': False, 'install_base': '/home/shivam/code-masala/SeDriCa-BatMobile-v2/install/batmobile_perception', 'merge_install': False, 'path': '/home/shivam/code-masala/SeDriCa-BatMobile-v2/perception/src/batmobile_perception', 'symlink_install': False, 'test_result_base': None}
[0.229s] Level 5:colcon.colcon_core.verb:set package 'mp' build argument 'cmake_args' from command line to 'None'
[0.229s] Level 5:colcon.colcon_core.verb:set package 'mp' build argument 'cmake_target' from command line to 'None'
[0.229s] Level 5:colcon.colcon_core.verb:set package 'mp' build argument 'cmake_target_skip_unavailable' from command line to 'False'
[0.229s] Level 5:colcon.colcon_core.verb:set package 'mp' build argument 'cmake_clean_cache' from command line to 'False'
[0.229s] Level 5:colcon.colcon_core.verb:set package 'mp' build argument 'cmake_clean_first' from command line to 'False'
[0.229s] Level 5:colcon.colcon_core.verb:set package 'mp' build argument 'cmake_force_configure' from command line to 'False'
[0.229s] Level 5:colcon.colcon_core.verb:set package 'mp' build argument 'ament_cmake_args' from command line to 'None'
[0.229s] Level 5:colcon.colcon_core.verb:set package 'mp' build argument 'catkin_cmake_args' from command line to 'None'
[0.229s] Level 5:colcon.colcon_core.verb:set package 'mp' build argument 'catkin_skip_building_tests' from command line to 'False'
[0.229s] DEBUG:colcon.colcon_core.verb:Building package 'mp' with the following arguments: {'ament_cmake_args': None, 'build_base': '/home/shivam/code-masala/SeDriCa-BatMobile-v2/build/mp', 'catkin_cmake_args': None, 'catkin_skip_building_tests': False, 'cmake_args': None, 'cmake_clean_cache': False, 'cmake_clean_first': False, 'cmake_force_configure': False, 'cmake_target': None, 'cmake_target_skip_unavailable': False, 'install_base': '/home/shivam/code-masala/SeDriCa-BatMobile-v2/install/mp', 'merge_install': False, 'path': '/home/shivam/code-masala/SeDriCa-BatMobile-v2/mp', 'symlink_install': False, 'test_result_base': None}
[0.229s] INFO:colcon.colcon_core.executor:Executing jobs using 'parallel' executor
[0.230s] DEBUG:colcon.colcon_parallel_executor.executor.parallel:run_until_complete
[0.230s] INFO:colcon.colcon_ros.task.ament_python.build:Building ROS package in '/home/shivam/code-masala/SeDriCa-BatMobile-v2/perception/src/batmobile_perception' with build type 'ament_python'
[0.230s] Level 1:colcon.colcon_core.shell:create_environment_hook('batmobile_perception', 'ament_prefix_path')
[0.232s] INFO:colcon.colcon_core.plugin_system:Skipping extension 'colcon_core.shell.bat': Not used on non-Windows systems
[0.232s] INFO:colcon.colcon_core.shell:Creating environment hook '/home/shivam/code-masala/SeDriCa-BatMobile-v2/install/batmobile_perception/share/batmobile_perception/hook/ament_prefix_path.ps1'
[0.232s] INFO:colcon.colcon_core.shell:Creating environment descriptor '/home/shivam/code-masala/SeDriCa-BatMobile-v2/install/batmobile_perception/share/batmobile_perception/hook/ament_prefix_path.dsv'
[0.233s] INFO:colcon.colcon_core.shell:Creating environment hook '/home/shivam/code-masala/SeDriCa-BatMobile-v2/install/batmobile_perception/share/batmobile_perception/hook/ament_prefix_path.sh'
[0.233s] INFO:colcon.colcon_core.shell:Skip shell extension 'powershell' for command environment: Not usable outside of PowerShell
[0.233s] DEBUG:colcon.colcon_core.shell:Skip shell extension 'dsv' for command environment
[0.235s] INFO:colcon.colcon_ros.task.ament_cmake.build:Building ROS package in '/home/shivam/code-masala/SeDriCa-BatMobile-v2/mp' with build type 'ament_cmake'
[0.235s] INFO:colcon.colcon_cmake.task.cmake.build:Building CMake package in '/home/shivam/code-masala/SeDriCa-BatMobile-v2/mp'
[0.236s] INFO:colcon.colcon_core.shell:Skip shell extension 'powershell' for command environment: Not usable outside of PowerShell
[0.236s] DEBUG:colcon.colcon_core.shell:Skip shell extension 'dsv' for command environment
[0.410s] INFO:colcon.colcon_core.task.python.build:Building Python package in '/home/shivam/code-masala/SeDriCa-BatMobile-v2/perception/src/batmobile_perception'
[0.410s] INFO:colcon.colcon_core.shell:Skip shell extension 'powershell' for command environment: Not usable outside of PowerShell
[0.410s] DEBUG:colcon.colcon_core.shell:Skip shell extension 'dsv' for command environment
[0.416s] DEBUG:colcon.colcon_core.event_handler.log_command:Invoking command in '/home/shivam/code-masala/SeDriCa-BatMobile-v2/build/mp': CMAKE_PREFIX_PATH=${CMAKE_PREFIX_PATH}:/home/shivam/code-masala/SeDriCa-BatMobile-v2/install/batmobile_perception:/opt/ros/humble /usr/bin/cmake --build /home/shivam/code-masala/SeDriCa-BatMobile-v2/build/mp -- -j16 -l16
[0.670s] DEBUG:colcon.colcon_core.event_handler.log_command:Invoking command in '/home/shivam/code-masala/SeDriCa-BatMobile-v2/perception/src/batmobile_perception': PYTHONPATH=/home/shivam/code-masala/SeDriCa-BatMobile-v2/build/batmobile_perception/prefix_override:/usr/lib/python3/dist-packages/colcon_core/task/python/colcon_distutils_commands:/home/shivam/code-masala/SeDriCa-BatMobile-v2/install/batmobile_perception/lib/python3.10/site-packages:${PYTHONPATH} /usr/bin/python3 -W ignore:setup.py install is deprecated -W ignore:easy_install command is deprecated setup.py egg_info --egg-base ../../../build/batmobile_perception build --build-base /home/shivam/code-masala/SeDriCa-BatMobile-v2/build/batmobile_perception/build install --record /home/shivam/code-masala/SeDriCa-BatMobile-v2/build/batmobile_perception/install.log --single-version-externally-managed install_data
[0.890s] DEBUG:colcon.colcon_core.event_handler.log_command:Invoked command in '/home/shivam/code-masala/SeDriCa-BatMobile-v2/perception/src/batmobile_perception' returned '0': PYTHONPATH=/home/shivam/code-masala/SeDriCa-BatMobile-v2/build/batmobile_perception/prefix_override:/usr/lib/python3/dist-packages/colcon_core/task/python/colcon_distutils_commands:/home/shivam/code-masala/SeDriCa-BatMobile-v2/install/batmobile_perception/lib/python3.10/site-packages:${PYTHONPATH} /usr/bin/python3 -W ignore:setup.py install is deprecated -W ignore:easy_install command is deprecated setup.py egg_info --egg-base ../../../build/batmobile_perception build --build-base /home/shivam/code-masala/SeDriCa-BatMobile-v2/build/batmobile_perception/build install --record /home/shivam/code-masala/SeDriCa-BatMobile-v2/build/batmobile_perception/install.log --single-version-externally-managed install_data
[0.892s] Level 1:colcon.colcon_core.environment:checking '/home/shivam/code-masala/SeDriCa-BatMobile-v2/install/batmobile_perception' for CMake module files
[0.892s] Level 1:colcon.colcon_core.environment:checking '/home/shivam/code-masala/SeDriCa-BatMobile-v2/install/batmobile_perception' for CMake config files
[0.893s] Level 1:colcon.colcon_core.environment:checking '/home/shivam/code-masala/SeDriCa-BatMobile-v2/install/batmobile_perception/lib'
[0.893s] Level 1:colcon.colcon_core.environment:checking '/home/shivam/code-masala/SeDriCa-BatMobile-v2/install/batmobile_perception/bin'
[0.893s] Level 1:colcon.colcon_core.environment:checking '/home/shivam/code-masala/SeDriCa-BatMobile-v2/install/batmobile_perception/lib/pkgconfig/batmobile_perception.pc'
[0.893s] Level 1:colcon.colcon_core.environment:checking '/home/shivam/code-masala/SeDriCa-BatMobile-v2/install/batmobile_perception/lib/python3.10/site-packages'
[0.893s] Level 1:colcon.colcon_core.shell:create_environment_hook('batmobile_perception', 'pythonpath')
[0.893s] INFO:colcon.colcon_core.shell:Creating environment hook '/home/shivam/code-masala/SeDriCa-BatMobile-v2/install/batmobile_perception/share/batmobile_perception/hook/pythonpath.ps1'
[0.893s] INFO:colcon.colcon_core.shell:Creating environment descriptor '/home/shivam/code-masala/SeDriCa-BatMobile-v2/install/batmobile_perception/share/batmobile_perception/hook/pythonpath.dsv'
[0.894s] INFO:colcon.colcon_core.shell:Creating environment hook '/home/shivam/code-masala/SeDriCa-BatMobile-v2/install/batmobile_perception/share/batmobile_perception/hook/pythonpath.sh'
[0.894s] Level 1:colcon.colcon_core.environment:checking '/home/shivam/code-masala/SeDriCa-BatMobile-v2/install/batmobile_perception/bin'
[0.894s] Level 1:colcon.colcon_core.environment:create_environment_scripts_only(batmobile_perception)
[0.894s] INFO:colcon.colcon_core.shell:Creating package script '/home/shivam/code-masala/SeDriCa-BatMobile-v2/install/batmobile_perception/share/batmobile_perception/package.ps1'
[0.895s] INFO:colcon.colcon_core.shell:Creating package descriptor '/home/shivam/code-masala/SeDriCa-BatMobile-v2/install/batmobile_perception/share/batmobile_perception/package.dsv'
[0.895s] INFO:colcon.colcon_core.shell:Creating package script '/home/shivam/code-masala/SeDriCa-BatMobile-v2/install/batmobile_perception/share/batmobile_perception/package.sh'
[0.896s] INFO:colcon.colcon_core.shell:Creating package script '/home/shivam/code-masala/SeDriCa-BatMobile-v2/install/batmobile_perception/share/batmobile_perception/package.bash'
[0.896s] INFO:colcon.colcon_core.shell:Creating package script '/home/shivam/code-masala/SeDriCa-BatMobile-v2/install/batmobile_perception/share/batmobile_perception/package.zsh'
[0.896s] Level 1:colcon.colcon_core.environment:create_file_with_runtime_dependencies(/home/shivam/code-masala/SeDriCa-BatMobile-v2/install/batmobile_perception/share/colcon-core/packages/batmobile_perception)
[6.467s] DEBUG:colcon.colcon_core.event_handler.log_command:Invoked command in '/home/shivam/code-masala/SeDriCa-BatMobile-v2/build/mp' returned '0': CMAKE_PREFIX_PATH=${CMAKE_PREFIX_PATH}:/home/shivam/code-masala/SeDriCa-BatMobile-v2/install/batmobile_perception:/opt/ros/humble /usr/bin/cmake --build /home/shivam/code-masala/SeDriCa-BatMobile-v2/build/mp -- -j16 -l16
[6.475s] DEBUG:colcon.colcon_core.event_handler.log_command:Invoking command in '/home/shivam/code-masala/SeDriCa-BatMobile-v2/build/mp': CMAKE_PREFIX_PATH=${CMAKE_PREFIX_PATH}:/home/shivam/code-masala/SeDriCa-BatMobile-v2/install/batmobile_perception:/opt/ros/humble /usr/bin/cmake --install /home/shivam/code-masala/SeDriCa-BatMobile-v2/build/mp
[6.520s] Level 1:colcon.colcon_core.environment:create_environment_scripts_only(mp)
[6.520s] Level 1:colcon.colcon_core.environment:checking '/home/shivam/code-masala/SeDriCa-BatMobile-v2/install/mp' for CMake module files
[6.520s] DEBUG:colcon.colcon_core.event_handler.log_command:Invoked command in '/home/shivam/code-masala/SeDriCa-BatMobile-v2/build/mp' returned '0': CMAKE_PREFIX_PATH=${CMAKE_PREFIX_PATH}:/home/shivam/code-masala/SeDriCa-BatMobile-v2/install/batmobile_perception:/opt/ros/humble /usr/bin/cmake --install /home/shivam/code-masala/SeDriCa-BatMobile-v2/build/mp
[6.521s] Level 1:colcon.colcon_core.environment:checking '/home/shivam/code-masala/SeDriCa-BatMobile-v2/install/mp' for CMake config files
[6.521s] Level 1:colcon.colcon_core.shell:create_environment_hook('mp', 'cmake_prefix_path')
[6.521s] INFO:colcon.colcon_core.shell:Creating environment hook '/home/shivam/code-masala/SeDriCa-BatMobile-v2/install/mp/share/mp/hook/cmake_prefix_path.ps1'
[6.521s] INFO:colcon.colcon_core.shell:Creating environment descriptor '/home/shivam/code-masala/SeDriCa-BatMobile-v2/install/mp/share/mp/hook/cmake_prefix_path.dsv'
[6.522s] INFO:colcon.colcon_core.shell:Creating environment hook '/home/shivam/code-masala/SeDriCa-BatMobile-v2/install/mp/share/mp/hook/cmake_prefix_path.sh'
[6.522s] Level 1:colcon.colcon_core.environment:checking '/home/shivam/code-masala/SeDriCa-BatMobile-v2/install/mp/lib'
[6.522s] Level 1:colcon.colcon_core.shell:create_environment_hook('mp', 'ld_library_path_lib')
[6.522s] INFO:colcon.colcon_core.shell:Creating environment hook '/home/shivam/code-masala/SeDriCa-BatMobile-v2/install/mp/share/mp/hook/ld_library_path_lib.ps1'
[6.523s] INFO:colcon.colcon_core.shell:Creating environment descriptor '/home/shivam/code-masala/SeDriCa-BatMobile-v2/install/mp/share/mp/hook/ld_library_path_lib.dsv'
[6.523s] INFO:colcon.colcon_core.shell:Creating environment hook '/home/shivam/code-masala/SeDriCa-BatMobile-v2/install/mp/share/mp/hook/ld_library_path_lib.sh'
[6.523s] Level 1:colcon.colcon_core.environment:checking '/home/shivam/code-masala/SeDriCa-BatMobile-v2/install/mp/bin'
[6.523s] Level 1:colcon.colcon_core.environment:checking '/home/shivam/code-masala/SeDriCa-BatMobile-v2/install/mp/lib/pkgconfig/mp.pc'
[6.523s] Level 1:colcon.colcon_core.environment:checking '/home/shivam/code-masala/SeDriCa-BatMobile-v2/install/mp/lib/python3.10/site-packages'
[6.523s] Level 1:colcon.colcon_core.environment:checking '/home/shivam/code-masala/SeDriCa-BatMobile-v2/install/mp/bin'
[6.524s] INFO:colcon.colcon_core.shell:Creating package script '/home/shivam/code-masala/SeDriCa-BatMobile-v2/install/mp/share/mp/package.ps1'
[6.524s] INFO:colcon.colcon_core.shell:Creating package descriptor '/home/shivam/code-masala/SeDriCa-BatMobile-v2/install/mp/share/mp/package.dsv'
[6.524s] INFO:colcon.colcon_core.shell:Creating package script '/home/shivam/code-masala/SeDriCa-BatMobile-v2/install/mp/share/mp/package.sh'
[6.524s] INFO:colcon.colcon_core.shell:Creating package script '/home/shivam/code-masala/SeDriCa-BatMobile-v2/install/mp/share/mp/package.bash'
[6.525s] INFO:colcon.colcon_core.shell:Creating package script '/home/shivam/code-masala/SeDriCa-BatMobile-v2/install/mp/share/mp/package.zsh'
[6.525s] Level 1:colcon.colcon_core.environment:create_file_with_runtime_dependencies(/home/shivam/code-masala/SeDriCa-BatMobile-v2/install/mp/share/colcon-core/packages/mp)
[6.525s] Level 1:colcon.colcon_core.environment:create_environment_scripts_only(mp)
[6.525s] Level 1:colcon.colcon_core.environment:checking '/home/shivam/code-masala/SeDriCa-BatMobile-v2/install/mp' for CMake module files
[6.526s] Level 1:colcon.colcon_core.environment:checking '/home/shivam/code-masala/SeDriCa-BatMobile-v2/install/mp' for CMake config files
[6.526s] Level 1:colcon.colcon_core.shell:create_environment_hook('mp', 'cmake_prefix_path')
[6.526s] INFO:colcon.colcon_core.shell:Creating environment hook '/home/shivam/code-masala/SeDriCa-BatMobile-v2/install/mp/share/mp/hook/cmake_prefix_path.ps1'
[6.526s] INFO:colcon.colcon_core.shell:Creating environment descriptor '/home/shivam/code-masala/SeDriCa-BatMobile-v2/install/mp/share/mp/hook/cmake_prefix_path.dsv'
[6.527s] INFO:colcon.colcon_core.shell:Creating environment hook '/home/shivam/code-masala/SeDriCa-BatMobile-v2/install/mp/share/mp/hook/cmake_prefix_path.sh'
[6.527s] Level 1:colcon.colcon_core.environment:checking '/home/shivam/code-masala/SeDriCa-BatMobile-v2/install/mp/lib'
[6.527s] Level 1:colcon.colcon_core.shell:create_environment_hook('mp', 'ld_library_path_lib')
[6.527s] INFO:colcon.colcon_core.shell:Creating environment hook '/home/shivam/code-masala/SeDriCa-BatMobile-v2/install/mp/share/mp/hook/ld_library_path_lib.ps1'
[6.527s] INFO:colcon.colcon_core.shell:Creating environment descriptor '/home/shivam/code-masala/SeDriCa-BatMobile-v2/install/mp/share/mp/hook/ld_library_path_lib.dsv'
[6.527s] INFO:colcon.colcon_core.shell:Creating environment hook '/home/shivam/code-masala/SeDriCa-BatMobile-v2/install/mp/share/mp/hook/ld_library_path_lib.sh'
[6.528s] Level 1:colcon.colcon_core.environment:checking '/home/shivam/code-masala/SeDriCa-BatMobile-v2/install/mp/bin'
[6.528s] Level 1:colcon.colcon_core.environment:checking '/home/shivam/code-masala/SeDriCa-BatMobile-v2/install/mp/lib/pkgconfig/mp.pc'
[6.528s] Level 1:colcon.colcon_core.environment:checking '/home/shivam/code-masala/SeDriCa-BatMobile-v2/install/mp/lib/python3.10/site-packages'
[6.528s] Level 1:colcon.colcon_core.environment:checking '/home/shivam/code-masala/SeDriCa-BatMobile-v2/install/mp/bin'
[6.528s] INFO:colcon.colcon_core.shell:Creating package script '/home/shivam/code-masala/SeDriCa-BatMobile-v2/install/mp/share/mp/package.ps1'
[6.529s] INFO:colcon.colcon_core.shell:Creating package descriptor '/home/shivam/code-masala/SeDriCa-BatMobile-v2/install/mp/share/mp/package.dsv'
[6.529s] INFO:colcon.colcon_core.shell:Creating package script '/home/shivam/code-masala/SeDriCa-BatMobile-v2/install/mp/share/mp/package.sh'
[6.529s] INFO:colcon.colcon_core.shell:Creating package script '/home/shivam/code-masala/SeDriCa-BatMobile-v2/install/mp/share/mp/package.bash'
[6.529s] INFO:colcon.colcon_core.shell:Creating package script '/home/shivam/code-masala/SeDriCa-BatMobile-v2/install/mp/share/mp/package.zsh'
[6.530s] Level 1:colcon.colcon_core.environment:create_file_with_runtime_dependencies(/home/shivam/code-masala/SeDriCa-BatMobile-v2/install/mp/share/colcon-core/packages/mp)
[6.530s] DEBUG:colcon.colcon_parallel_executor.executor.parallel:closing loop
[6.530s] DEBUG:colcon.colcon_parallel_executor.executor.parallel:loop closed
[6.530s] DEBUG:colcon.colcon_parallel_executor.executor.parallel:run_until_complete finished with '0'
[6.530s] DEBUG:colcon.colcon_core.event_reactor:joining thread
[6.535s] INFO:colcon.colcon_core.plugin_system:Skipping extension 'colcon_notification.desktop_notification.terminal_notifier': Not used on non-Darwin systems
[6.535s] INFO:colcon.colcon_core.plugin_system:Skipping extension 'colcon_notification.desktop_notification.win32': Not used on non-Windows systems
[6.535s] INFO:colcon.colcon_notification.desktop_notification:Sending desktop notification using 'notify2'
[6.546s] DEBUG:colcon.colcon_core.event_reactor:joined thread
[6.547s] INFO:colcon.colcon_core.shell:Creating prefix script '/home/shivam/code-masala/SeDriCa-BatMobile-v2/install/local_setup.ps1'
[6.548s] INFO:colcon.colcon_core.shell:Creating prefix util module '/home/shivam/code-masala/SeDriCa-BatMobile-v2/install/_local_setup_util_ps1.py'
[6.549s] INFO:colcon.colcon_core.shell:Creating prefix chain script '/home/shivam/code-masala/SeDriCa-BatMobile-v2/install/setup.ps1'
[6.549s] INFO:colcon.colcon_core.shell:Creating prefix script '/home/shivam/code-masala/SeDriCa-BatMobile-v2/install/local_setup.sh'
[6.550s] INFO:colcon.colcon_core.shell:Creating prefix util module '/home/shivam/code-masala/SeDriCa-BatMobile-v2/install/_local_setup_util_sh.py'
[6.550s] INFO:colcon.colcon_core.shell:Creating prefix chain script '/home/shivam/code-masala/SeDriCa-BatMobile-v2/install/setup.sh'
[6.551s] INFO:colcon.colcon_core.shell:Creating prefix script '/home/shivam/code-masala/SeDriCa-BatMobile-v2/install/local_setup.bash'
[6.552s] INFO:colcon.colcon_core.shell:Creating prefix chain script '/home/shivam/code-masala/SeDriCa-BatMobile-v2/install/setup.bash'
[6.552s] INFO:colcon.colcon_core.shell:Creating prefix script '/home/shivam/code-masala/SeDriCa-BatMobile-v2/install/local_setup.zsh'
[6.552s] INFO:colcon.colcon_core.shell:Creating prefix chain script '/home/shivam/code-masala/SeDriCa-BatMobile-v2/install/setup.zsh'
