[0.163s] Invoking command in '/home/shivam/code-masala/SeDriCa-BatMobile-v2/build/mp': CMAKE_PREFIX_PATH=${CMAKE_PREFIX_PATH}:/home/shivam/code-masala/SeDriCa-BatMobile-v2/install/batmobile_perception:/opt/ros/humble /usr/bin/cmake --build /home/shivam/code-masala/SeDriCa-BatMobile-v2/build/mp -- -j16 -l16
[0.200s] [  3%] Built target mp__cpp
[0.204s] [ 12%] Built target mp__rosidl_generator_c
[0.205s] [ 12%] Built target ament_cmake_python_symlink_mp
[0.214s] [ 21%] Built target mp__rosidl_typesupport_cpp
[0.214s] [ 30%] Built target mp__rosidl_typesupport_introspection_cpp
[0.215s] [ 39%] Built target mp__rosidl_typesupport_fastrtps_cpp
[0.218s] [ 54%] Built target mp__rosidl_typesupport_fastrtps_c
[0.218s] [ 57%] Built target mp__rosidl_typesupport_c
[0.221s] [ 66%] Built target mp__rosidl_typesupport_introspection_c
[0.223s] [35m[1mConsolidate compiler generated dependencies of target coordinates_receiver[0m
[0.237s] [ 69%] Built target mp
[0.237s] [ 72%] Built target coordinates_receiver
[0.253s] [ 75%] Built target mp__py
[0.271s] [ 81%] Built target mp__rosidl_generator_py
[0.287s] [ 87%] Built target mp__rosidl_typesupport_fastrtps_c__pyext
[0.288s] [ 93%] Built target mp__rosidl_typesupport_c__pyext
[0.289s] [100%] Built target mp__rosidl_typesupport_introspection_c__pyext
[0.354s] running egg_info
[0.354s] writing mp.egg-info/PKG-INFO
[0.355s] writing dependency_links to mp.egg-info/dependency_links.txt
[0.355s] writing top-level names to mp.egg-info/top_level.txt
[0.356s] reading manifest file 'mp.egg-info/SOURCES.txt'
[0.356s] writing manifest file 'mp.egg-info/SOURCES.txt'
[0.377s] [100%] Built target ament_cmake_python_build_mp_egg
[0.386s] Invoked command in '/home/shivam/code-masala/SeDriCa-BatMobile-v2/build/mp' returned '0': CMAKE_PREFIX_PATH=${CMAKE_PREFIX_PATH}:/home/shivam/code-masala/SeDriCa-BatMobile-v2/install/batmobile_perception:/opt/ros/humble /usr/bin/cmake --build /home/shivam/code-masala/SeDriCa-BatMobile-v2/build/mp -- -j16 -l16
[0.392s] Invoking command in '/home/shivam/code-masala/SeDriCa-BatMobile-v2/build/mp': CMAKE_PREFIX_PATH=${CMAKE_PREFIX_PATH}:/home/shivam/code-masala/SeDriCa-BatMobile-v2/install/batmobile_perception:/opt/ros/humble /usr/bin/cmake --install /home/shivam/code-masala/SeDriCa-BatMobile-v2/build/mp
[0.398s] -- Install configuration: ""
[0.398s] -- Execute custom install script
[0.398s] -- Up-to-date symlink: /home/shivam/code-masala/SeDriCa-BatMobile-v2/install/mp/share/ament_index/resource_index/rosidl_interfaces/mp
[0.399s] -- Up-to-date symlink: /home/shivam/code-masala/SeDriCa-BatMobile-v2/install/mp/include/mp/mp/msg/control_instructions.h
[0.399s] -- Up-to-date symlink: /home/shivam/code-masala/SeDriCa-BatMobile-v2/install/mp/include/mp/mp/msg/detail/control_instructions__functions.h
[0.399s] -- Up-to-date symlink: /home/shivam/code-masala/SeDriCa-BatMobile-v2/install/mp/include/mp/mp/msg/detail/control_instructions__struct.h
[0.399s] -- Up-to-date symlink: /home/shivam/code-masala/SeDriCa-BatMobile-v2/install/mp/include/mp/mp/msg/detail/control_instructions__type_support.h
[0.399s] -- Up-to-date symlink: /home/shivam/code-masala/SeDriCa-BatMobile-v2/install/mp/include/mp/mp/msg/rosidl_generator_c__visibility_control.h
[0.399s] -- Up-to-date symlink: /home/shivam/code-masala/SeDriCa-BatMobile-v2/install/mp/share/mp/environment/library_path.sh
[0.400s] -- Up-to-date symlink: /home/shivam/code-masala/SeDriCa-BatMobile-v2/install/mp/share/mp/environment/library_path.dsv
[0.400s] -- Up-to-date symlink: /home/shivam/code-masala/SeDriCa-BatMobile-v2/install/mp/include/mp/mp/msg/detail/control_instructions__rosidl_typesupport_fastrtps_c.h
[0.400s] -- Up-to-date symlink: /home/shivam/code-masala/SeDriCa-BatMobile-v2/install/mp/include/mp/mp/msg/rosidl_typesupport_fastrtps_c__visibility_control.h
[0.400s] -- Up-to-date symlink: /home/shivam/code-masala/SeDriCa-BatMobile-v2/install/mp/include/mp/mp/msg/control_instructions.hpp
[0.401s] -- Up-to-date symlink: /home/shivam/code-masala/SeDriCa-BatMobile-v2/install/mp/include/mp/mp/msg/detail/control_instructions__builder.hpp
[0.401s] -- Up-to-date symlink: /home/shivam/code-masala/SeDriCa-BatMobile-v2/install/mp/include/mp/mp/msg/detail/control_instructions__struct.hpp
[0.401s] -- Up-to-date symlink: /home/shivam/code-masala/SeDriCa-BatMobile-v2/install/mp/include/mp/mp/msg/detail/control_instructions__traits.hpp
[0.401s] -- Up-to-date symlink: /home/shivam/code-masala/SeDriCa-BatMobile-v2/install/mp/include/mp/mp/msg/detail/control_instructions__type_support.hpp
[0.401s] -- Up-to-date symlink: /home/shivam/code-masala/SeDriCa-BatMobile-v2/install/mp/include/mp/mp/msg/rosidl_generator_cpp__visibility_control.hpp
[0.401s] -- Up-to-date symlink: /home/shivam/code-masala/SeDriCa-BatMobile-v2/install/mp/include/mp/mp/msg/detail/control_instructions__rosidl_typesupport_fastrtps_cpp.hpp
[0.401s] -- Up-to-date symlink: /home/shivam/code-masala/SeDriCa-BatMobile-v2/install/mp/include/mp/mp/msg/rosidl_typesupport_fastrtps_cpp__visibility_control.h
[0.401s] -- Up-to-date symlink: /home/shivam/code-masala/SeDriCa-BatMobile-v2/install/mp/include/mp/mp/msg/detail/control_instructions__rosidl_typesupport_introspection_c.h
[0.401s] -- Up-to-date symlink: /home/shivam/code-masala/SeDriCa-BatMobile-v2/install/mp/include/mp/mp/msg/rosidl_typesupport_introspection_c__visibility_control.h
[0.401s] -- Up-to-date symlink: /home/shivam/code-masala/SeDriCa-BatMobile-v2/install/mp/include/mp/mp/msg/detail/control_instructions__rosidl_typesupport_introspection_cpp.hpp
[0.401s] -- Up-to-date symlink: /home/shivam/code-masala/SeDriCa-BatMobile-v2/install/mp/share/mp/environment/pythonpath.sh
[0.401s] -- Up-to-date symlink: /home/shivam/code-masala/SeDriCa-BatMobile-v2/install/mp/share/mp/environment/pythonpath.dsv
[0.402s] -- Up-to-date symlink: /home/shivam/code-masala/SeDriCa-BatMobile-v2/install/mp/local/lib/python3.10/dist-packages/mp-0.0.0-py3.10.egg-info/PKG-INFO
[0.402s] -- Up-to-date symlink: /home/shivam/code-masala/SeDriCa-BatMobile-v2/install/mp/local/lib/python3.10/dist-packages/mp-0.0.0-py3.10.egg-info/SOURCES.txt
[0.402s] -- Up-to-date symlink: /home/shivam/code-masala/SeDriCa-BatMobile-v2/install/mp/local/lib/python3.10/dist-packages/mp-0.0.0-py3.10.egg-info/dependency_links.txt
[0.402s] -- Up-to-date symlink: /home/shivam/code-masala/SeDriCa-BatMobile-v2/install/mp/local/lib/python3.10/dist-packages/mp-0.0.0-py3.10.egg-info/top_level.txt
[0.402s] -- Up-to-date symlink: /home/shivam/code-masala/SeDriCa-BatMobile-v2/install/mp/local/lib/python3.10/dist-packages/mp/__init__.py
[0.402s] -- Up-to-date symlink: /home/shivam/code-masala/SeDriCa-BatMobile-v2/install/mp/local/lib/python3.10/dist-packages/mp/_mp_s.ep.rosidl_typesupport_c.c
[0.402s] -- Up-to-date symlink: /home/shivam/code-masala/SeDriCa-BatMobile-v2/install/mp/local/lib/python3.10/dist-packages/mp/_mp_s.ep.rosidl_typesupport_fastrtps_c.c
[0.402s] -- Up-to-date symlink: /home/shivam/code-masala/SeDriCa-BatMobile-v2/install/mp/local/lib/python3.10/dist-packages/mp/_mp_s.ep.rosidl_typesupport_introspection_c.c
[0.402s] -- Up-to-date symlink: /home/shivam/code-masala/SeDriCa-BatMobile-v2/install/mp/local/lib/python3.10/dist-packages/mp/libmp__rosidl_generator_py.so
[0.402s] -- Up-to-date symlink: /home/shivam/code-masala/SeDriCa-BatMobile-v2/install/mp/local/lib/python3.10/dist-packages/mp/mp_s__rosidl_typesupport_c.cpython-310-x86_64-linux-gnu.so
[0.402s] -- Up-to-date symlink: /home/shivam/code-masala/SeDriCa-BatMobile-v2/install/mp/local/lib/python3.10/dist-packages/mp/mp_s__rosidl_typesupport_fastrtps_c.cpython-310-x86_64-linux-gnu.so
[0.402s] -- Up-to-date symlink: /home/shivam/code-masala/SeDriCa-BatMobile-v2/install/mp/local/lib/python3.10/dist-packages/mp/mp_s__rosidl_typesupport_introspection_c.cpython-310-x86_64-linux-gnu.so
[0.402s] -- Up-to-date symlink: /home/shivam/code-masala/SeDriCa-BatMobile-v2/install/mp/local/lib/python3.10/dist-packages/mp/msg/__init__.py
[0.402s] -- Up-to-date symlink: /home/shivam/code-masala/SeDriCa-BatMobile-v2/install/mp/local/lib/python3.10/dist-packages/mp/msg/_control_instructions.py
[0.402s] -- Up-to-date symlink: /home/shivam/code-masala/SeDriCa-BatMobile-v2/install/mp/local/lib/python3.10/dist-packages/mp/msg/_control_instructions_s.c
[0.403s] -- Up-to-date symlink: /home/shivam/code-masala/SeDriCa-BatMobile-v2/install/mp/local/lib/python3.10/dist-packages/mp/mp_s__rosidl_typesupport_fastrtps_c.cpython-310-x86_64-linux-gnu.so
[0.403s] -- Up-to-date symlink: /home/shivam/code-masala/SeDriCa-BatMobile-v2/install/mp/local/lib/python3.10/dist-packages/mp/mp_s__rosidl_typesupport_introspection_c.cpython-310-x86_64-linux-gnu.so
[0.403s] -- Up-to-date symlink: /home/shivam/code-masala/SeDriCa-BatMobile-v2/install/mp/local/lib/python3.10/dist-packages/mp/mp_s__rosidl_typesupport_c.cpython-310-x86_64-linux-gnu.so
[0.403s] -- Up-to-date symlink: /home/shivam/code-masala/SeDriCa-BatMobile-v2/install/mp/share/mp/msg/ControlInstructions.idl
[0.403s] -- Up-to-date symlink: /home/shivam/code-masala/SeDriCa-BatMobile-v2/install/mp/share/mp/msg/ControlInstructions.msg
[0.403s] -- Up-to-date symlink: /home/shivam/code-masala/SeDriCa-BatMobile-v2/install/mp/lib/mp/coordinates_receiver
[0.403s] -- Up-to-date symlink: /home/shivam/code-masala/SeDriCa-BatMobile-v2/install/mp/share/mp/msg/msg/ControlInstructions.msg
[0.403s] -- Up-to-date symlink: /home/shivam/code-masala/SeDriCa-BatMobile-v2/install/mp/share/ament_index/resource_index/package_run_dependencies/mp
[0.404s] -- Up-to-date symlink: /home/shivam/code-masala/SeDriCa-BatMobile-v2/install/mp/share/ament_index/resource_index/parent_prefix_path/mp
[0.404s] -- Up-to-date symlink: /home/shivam/code-masala/SeDriCa-BatMobile-v2/install/mp/share/mp/environment/ament_prefix_path.sh
[0.404s] -- Up-to-date symlink: /home/shivam/code-masala/SeDriCa-BatMobile-v2/install/mp/share/mp/environment/ament_prefix_path.dsv
[0.404s] -- Up-to-date symlink: /home/shivam/code-masala/SeDriCa-BatMobile-v2/install/mp/share/mp/environment/path.sh
[0.404s] -- Up-to-date symlink: /home/shivam/code-masala/SeDriCa-BatMobile-v2/install/mp/share/mp/environment/path.dsv
[0.404s] -- Up-to-date symlink: /home/shivam/code-masala/SeDriCa-BatMobile-v2/install/mp/share/mp/local_setup.bash
[0.404s] -- Up-to-date symlink: /home/shivam/code-masala/SeDriCa-BatMobile-v2/install/mp/share/mp/local_setup.sh
[0.404s] -- Up-to-date symlink: /home/shivam/code-masala/SeDriCa-BatMobile-v2/install/mp/share/mp/local_setup.zsh
[0.404s] -- Up-to-date symlink: /home/shivam/code-masala/SeDriCa-BatMobile-v2/install/mp/share/mp/local_setup.dsv
[0.404s] -- Symlinking: /home/shivam/code-masala/SeDriCa-BatMobile-v2/install/mp/share/mp/package.dsv
[0.411s] -- Up-to-date symlink: /home/shivam/code-masala/SeDriCa-BatMobile-v2/install/mp/share/ament_index/resource_index/packages/mp
[0.411s] -- Up-to-date symlink: /home/shivam/code-masala/SeDriCa-BatMobile-v2/install/mp/share/mp/cmake/rosidl_cmake-extras.cmake
[0.411s] -- Up-to-date symlink: /home/shivam/code-masala/SeDriCa-BatMobile-v2/install/mp/share/mp/cmake/ament_cmake_export_include_directories-extras.cmake
[0.411s] -- Up-to-date symlink: /home/shivam/code-masala/SeDriCa-BatMobile-v2/install/mp/share/mp/cmake/ament_cmake_export_libraries-extras.cmake
[0.411s] -- Up-to-date symlink: /home/shivam/code-masala/SeDriCa-BatMobile-v2/install/mp/share/mp/cmake/ament_cmake_export_targets-extras.cmake
[0.411s] -- Up-to-date symlink: /home/shivam/code-masala/SeDriCa-BatMobile-v2/install/mp/share/mp/cmake/rosidl_cmake_export_typesupport_targets-extras.cmake
[0.411s] -- Up-to-date symlink: /home/shivam/code-masala/SeDriCa-BatMobile-v2/install/mp/share/mp/cmake/ament_cmake_export_dependencies-extras.cmake
[0.411s] -- Up-to-date symlink: /home/shivam/code-masala/SeDriCa-BatMobile-v2/install/mp/share/mp/cmake/rosidl_cmake_export_typesupport_libraries-extras.cmake
[0.411s] -- Up-to-date symlink: /home/shivam/code-masala/SeDriCa-BatMobile-v2/install/mp/share/mp/cmake/mpConfig.cmake
[0.411s] -- Up-to-date symlink: /home/shivam/code-masala/SeDriCa-BatMobile-v2/install/mp/share/mp/cmake/mpConfig-version.cmake
[0.411s] -- Up-to-date symlink: /home/shivam/code-masala/SeDriCa-BatMobile-v2/install/mp/share/mp/package.xml
[0.411s] -- Up-to-date: /home/shivam/code-masala/SeDriCa-BatMobile-v2/install/mp/lib/libmp__rosidl_generator_c.so
[0.412s] -- Up-to-date: /home/shivam/code-masala/SeDriCa-BatMobile-v2/install/mp/lib/libmp__rosidl_typesupport_fastrtps_c.so
[0.412s] -- Up-to-date: /home/shivam/code-masala/SeDriCa-BatMobile-v2/install/mp/lib/libmp__rosidl_typesupport_fastrtps_cpp.so
[0.412s] -- Up-to-date: /home/shivam/code-masala/SeDriCa-BatMobile-v2/install/mp/lib/libmp__rosidl_typesupport_introspection_c.so
[0.412s] -- Up-to-date: /home/shivam/code-masala/SeDriCa-BatMobile-v2/install/mp/lib/libmp__rosidl_typesupport_c.so
[0.412s] -- Up-to-date: /home/shivam/code-masala/SeDriCa-BatMobile-v2/install/mp/lib/libmp__rosidl_typesupport_introspection_cpp.so
[0.412s] -- Up-to-date: /home/shivam/code-masala/SeDriCa-BatMobile-v2/install/mp/lib/libmp__rosidl_typesupport_cpp.so
[0.436s] Listing '/home/shivam/code-masala/SeDriCa-BatMobile-v2/install/mp/local/lib/python3.10/dist-packages/mp'...
[0.436s] Listing '/home/shivam/code-masala/SeDriCa-BatMobile-v2/install/mp/local/lib/python3.10/dist-packages/mp/msg'...
[0.441s] -- Up-to-date: /home/shivam/code-masala/SeDriCa-BatMobile-v2/install/mp/lib/libmp__rosidl_generator_py.so
[0.441s] -- Up-to-date: /home/shivam/code-masala/SeDriCa-BatMobile-v2/install/mp/share/mp/cmake/export_mp__rosidl_generator_cExport.cmake
[0.441s] -- Up-to-date: /home/shivam/code-masala/SeDriCa-BatMobile-v2/install/mp/share/mp/cmake/export_mp__rosidl_generator_cExport-noconfig.cmake
[0.441s] -- Up-to-date: /home/shivam/code-masala/SeDriCa-BatMobile-v2/install/mp/share/mp/cmake/export_mp__rosidl_typesupport_fastrtps_cExport.cmake
[0.441s] -- Up-to-date: /home/shivam/code-masala/SeDriCa-BatMobile-v2/install/mp/share/mp/cmake/export_mp__rosidl_typesupport_fastrtps_cExport-noconfig.cmake
[0.441s] -- Up-to-date: /home/shivam/code-masala/SeDriCa-BatMobile-v2/install/mp/share/mp/cmake/export_mp__rosidl_generator_cppExport.cmake
[0.442s] -- Up-to-date: /home/shivam/code-masala/SeDriCa-BatMobile-v2/install/mp/share/mp/cmake/export_mp__rosidl_typesupport_fastrtps_cppExport.cmake
[0.442s] -- Up-to-date: /home/shivam/code-masala/SeDriCa-BatMobile-v2/install/mp/share/mp/cmake/export_mp__rosidl_typesupport_fastrtps_cppExport-noconfig.cmake
[0.442s] -- Up-to-date: /home/shivam/code-masala/SeDriCa-BatMobile-v2/install/mp/share/mp/cmake/mp__rosidl_typesupport_introspection_cExport.cmake
[0.442s] -- Up-to-date: /home/shivam/code-masala/SeDriCa-BatMobile-v2/install/mp/share/mp/cmake/mp__rosidl_typesupport_introspection_cExport-noconfig.cmake
[0.442s] -- Up-to-date: /home/shivam/code-masala/SeDriCa-BatMobile-v2/install/mp/share/mp/cmake/mp__rosidl_typesupport_cExport.cmake
[0.442s] -- Up-to-date: /home/shivam/code-masala/SeDriCa-BatMobile-v2/install/mp/share/mp/cmake/mp__rosidl_typesupport_cExport-noconfig.cmake
[0.442s] -- Up-to-date: /home/shivam/code-masala/SeDriCa-BatMobile-v2/install/mp/share/mp/cmake/mp__rosidl_typesupport_introspection_cppExport.cmake
[0.442s] -- Up-to-date: /home/shivam/code-masala/SeDriCa-BatMobile-v2/install/mp/share/mp/cmake/mp__rosidl_typesupport_introspection_cppExport-noconfig.cmake
[0.442s] -- Up-to-date: /home/shivam/code-masala/SeDriCa-BatMobile-v2/install/mp/share/mp/cmake/mp__rosidl_typesupport_cppExport.cmake
[0.442s] -- Up-to-date: /home/shivam/code-masala/SeDriCa-BatMobile-v2/install/mp/share/mp/cmake/mp__rosidl_typesupport_cppExport-noconfig.cmake
[0.442s] -- Up-to-date: /home/shivam/code-masala/SeDriCa-BatMobile-v2/install/mp/share/mp/cmake/export_mp__rosidl_generator_pyExport.cmake
[0.442s] -- Up-to-date: /home/shivam/code-masala/SeDriCa-BatMobile-v2/install/mp/share/mp/cmake/export_mp__rosidl_generator_pyExport-noconfig.cmake
[0.443s] Invoked command in '/home/shivam/code-masala/SeDriCa-BatMobile-v2/build/mp' returned '0': CMAKE_PREFIX_PATH=${CMAKE_PREFIX_PATH}:/home/shivam/code-masala/SeDriCa-BatMobile-v2/install/batmobile_perception:/opt/ros/humble /usr/bin/cmake --install /home/shivam/code-masala/SeDriCa-BatMobile-v2/build/mp
