-- The C compiler identification is GNU 11.4.0
-- The CXX compiler identification is GNU 11.4.0
-- Detecting C compiler ABI info
-- Detecting C compiler ABI info - done
-- Check for working C compiler: /usr/bin/cc - skipped
-- Detecting C compile features
-- Detecting C compile features - done
-- Detecting CXX compiler ABI info
-- Detecting CXX compiler ABI info - done
-- Check for working CXX compiler: /usr/bin/c++ - skipped
-- Detecting CXX compile features
-- Detecting CXX compile features - done
-- Found ament_cmake: 1.3.11 (/opt/ros/humble/share/ament_cmake/cmake)
-- Found Python3: /usr/bin/python3 (found version "3.10.12") found components: Interpreter 
-- Override CMake install command with custom implementation using symlinks instead of copying resources
-- Found rclcpp: 16.0.12 (/opt/ros/humble/share/rclcpp/cmake)
-- Found rosidl_generator_c: 3.1.6 (/opt/ros/humble/share/rosidl_generator_c/cmake)
-- Found rosidl_adapter: 3.1.6 (/opt/ros/humble/share/rosidl_adapter/cmake)
-- Found rosidl_generator_cpp: 3.1.6 (/opt/ros/humble/share/rosidl_generator_cpp/cmake)
-- Using all available rosidl_typesupport_c: rosidl_typesupport_fastrtps_c;rosidl_typesupport_introspection_c
-- Using all available rosidl_typesupport_cpp: rosidl_typesupport_fastrtps_cpp;rosidl_typesupport_introspection_cpp
-- Found rmw_implementation_cmake: 6.1.2 (/opt/ros/humble/share/rmw_implementation_cmake/cmake)
-- Found rmw_fastrtps_cpp: 6.2.7 (/opt/ros/humble/share/rmw_fastrtps_cpp/cmake)
-- Found OpenSSL: /usr/lib/x86_64-linux-gnu/libcrypto.so (found version "3.0.2")  
-- Found FastRTPS: /opt/ros/humble/include  
-- Using RMW implementation 'rmw_fastrtps_cpp' as default
-- Looking for pthread.h
-- Looking for pthread.h - found
-- Performing Test CMAKE_HAVE_LIBC_PTHREAD
-- Performing Test CMAKE_HAVE_LIBC_PTHREAD - Success
-- Found Threads: TRUE  
-- Found geometry_msgs: 4.8.0 (/opt/ros/humble/share/geometry_msgs/cmake)
-- Found rosidl_default_generators: 1.2.0 (/opt/ros/humble/share/rosidl_default_generators/cmake)
-- Found ament_cmake_ros: 0.10.0 (/opt/ros/humble/share/ament_cmake_ros/cmake)
-- Using all available rosidl_typesupport_c: rosidl_typesupport_fastrtps_c;rosidl_typesupport_introspection_c
-- Using all available rosidl_typesupport_cpp: rosidl_typesupport_fastrtps_cpp;rosidl_typesupport_introspection_cpp
-- Found PythonInterp: /usr/bin/python3 (found suitable version "3.10.12", minimum required is "3.6") 
-- Found python_cmake_module: 0.10.0 (/opt/ros/humble/share/python_cmake_module/cmake)
-- Found PythonLibs: /usr/lib/x86_64-linux-gnu/libpython3.10.so (found suitable version "3.10.12", minimum required is "3.5") 
-- Using PYTHON_EXECUTABLE: /usr/bin/python3
-- Using PYTHON_INCLUDE_DIRS: /usr/include/python3.10
-- Using PYTHON_LIBRARIES: /usr/lib/x86_64-linux-gnu/libpython3.10.so
-- Found PythonExtra: .so  
-- Found ament_lint_auto: 0.12.12 (/opt/ros/humble/share/ament_lint_auto/cmake)
-- Added test 'cppcheck' to perform static code analysis on C / C++ code
-- Configured cppcheck include dirs: 
-- Configured cppcheck exclude dirs and/or files: 
-- Added test 'lint_cmake' to check CMake code style
-- Added test 'uncrustify' to check C / C++ code style
-- Configured uncrustify additional arguments: 
-- Added test 'xmllint' to check XML markup files
-- Configuring done
-- Generating done
-- Build files have been written to: /home/shivam/code-masala/SeDriCa-BatMobile-v2/build/mp
[  3%] [34m[1mGenerating C code for ROS interfaces[0m
[  6%] [34m[1mGenerating C++ code for ROS interfaces[0m
[  6%] Built target ament_cmake_python_symlink_mp
running egg_info
creating mp.egg-info
writing mp.egg-info/PKG-INFO
writing dependency_links to mp.egg-info/dependency_links.txt
writing top-level names to mp.egg-info/top_level.txt
writing manifest file 'mp.egg-info/SOURCES.txt'
reading manifest file 'mp.egg-info/SOURCES.txt'
writing manifest file 'mp.egg-info/SOURCES.txt'
[  6%] Built target mp__cpp
[  9%] [32mBuilding C object CMakeFiles/mp__rosidl_generator_c.dir/rosidl_generator_c/mp/msg/detail/control_instructions__functions.c.o[0m
[ 15%] [34m[1mGenerating C++ type support for eProsima Fast-RTPS[0m
[ 15%] [34m[1mGenerating C++ type support dispatch for ROS interfaces[0m
[ 15%] Built target ament_cmake_python_build_mp_egg
[ 18%] [34m[1mGenerating C++ introspection for ROS interfaces[0m
[ 21%] [32m[1mLinking C shared library libmp__rosidl_generator_c.so[0m
[ 21%] Built target mp__rosidl_generator_c
[ 24%] [34m[1mGenerating C type support dispatch for ROS interfaces[0m
[ 30%] [34m[1mGenerating C type support for eProsima Fast-RTPS[0m
[ 30%] [34m[1mGenerating C introspection for ROS interfaces[0m
[ 33%] [32mBuilding CXX object CMakeFiles/mp__rosidl_typesupport_cpp.dir/rosidl_typesupport_cpp/mp/msg/control_instructions__type_support.cpp.o[0m
[ 36%] [32mBuilding CXX object CMakeFiles/mp__rosidl_typesupport_fastrtps_cpp.dir/rosidl_typesupport_fastrtps_cpp/mp/msg/detail/dds_fastrtps/control_instructions__type_support.cpp.o[0m
[ 39%] [32mBuilding CXX object CMakeFiles/mp__rosidl_typesupport_introspection_cpp.dir/rosidl_typesupport_introspection_cpp/mp/msg/detail/control_instructions__type_support.cpp.o[0m
[ 42%] [32mBuilding CXX object CMakeFiles/mp__rosidl_typesupport_c.dir/rosidl_typesupport_c/mp/msg/control_instructions__type_support.cpp.o[0m
[ 45%] [32mBuilding C object CMakeFiles/mp__rosidl_typesupport_introspection_c.dir/rosidl_typesupport_introspection_c/mp/msg/detail/control_instructions__type_support.c.o[0m
[ 48%] [32mBuilding CXX object CMakeFiles/mp__rosidl_typesupport_fastrtps_c.dir/rosidl_typesupport_fastrtps_c/mp/msg/detail/control_instructions__type_support_c.cpp.o[0m
[ 51%] [32m[1mLinking CXX shared library libmp__rosidl_typesupport_c.so[0m
[ 54%] [32m[1mLinking C shared library libmp__rosidl_typesupport_introspection_c.so[0m
[ 54%] Built target mp__rosidl_typesupport_c
[ 54%] Built target mp__rosidl_typesupport_introspection_c
[ 57%] [32m[1mLinking CXX shared library libmp__rosidl_typesupport_cpp.so[0m
[ 57%] Built target mp__rosidl_typesupport_cpp
[ 60%] [32mBuilding CXX object CMakeFiles/coordinates_receiver.dir/src/coordinatesreceiver.cpp.o[0m
[ 63%] [32m[1mLinking CXX shared library libmp__rosidl_typesupport_introspection_cpp.so[0m
[ 66%] [32m[1mLinking CXX shared library libmp__rosidl_typesupport_fastrtps_cpp.so[0m
[ 66%] Built target mp__rosidl_typesupport_introspection_cpp
[ 69%] [32m[1mLinking CXX shared library libmp__rosidl_typesupport_fastrtps_c.so[0m
[ 69%] Built target mp__rosidl_typesupport_fastrtps_cpp
[ 69%] Built target mp__rosidl_typesupport_fastrtps_c
[ 69%] Built target mp
[ 72%] [34m[1mGenerating Python code for ROS interfaces[0m
[ 72%] Built target mp__py
[ 75%] [32mBuilding C object CMakeFiles/mp__rosidl_generator_py.dir/rosidl_generator_py/mp/msg/_control_instructions_s.c.o[0m
[ 78%] [32m[1mLinking C shared library rosidl_generator_py/mp/libmp__rosidl_generator_py.so[0m
[ 78%] Built target mp__rosidl_generator_py
[ 84%] [32mBuilding C object CMakeFiles/mp__rosidl_typesupport_fastrtps_c__pyext.dir/rosidl_generator_py/mp/_mp_s.ep.rosidl_typesupport_fastrtps_c.c.o[0m
[ 84%] [32mBuilding C object CMakeFiles/mp__rosidl_typesupport_introspection_c__pyext.dir/rosidl_generator_py/mp/_mp_s.ep.rosidl_typesupport_introspection_c.c.o[0m
[ 87%] [32mBuilding C object CMakeFiles/mp__rosidl_typesupport_c__pyext.dir/rosidl_generator_py/mp/_mp_s.ep.rosidl_typesupport_c.c.o[0m
[ 90%] [32m[1mLinking C shared library rosidl_generator_py/mp/mp_s__rosidl_typesupport_fastrtps_c.cpython-310-x86_64-linux-gnu.so[0m
[ 93%] [32m[1mLinking C shared library rosidl_generator_py/mp/mp_s__rosidl_typesupport_introspection_c.cpython-310-x86_64-linux-gnu.so[0m
[ 96%] [32m[1mLinking C shared library rosidl_generator_py/mp/mp_s__rosidl_typesupport_c.cpython-310-x86_64-linux-gnu.so[0m
[ 96%] Built target mp__rosidl_typesupport_fastrtps_c__pyext
[ 96%] Built target mp__rosidl_typesupport_c__pyext
[ 96%] Built target mp__rosidl_typesupport_introspection_c__pyext
[100%] [32m[1mLinking CXX executable coordinates_receiver[0m
[100%] Built target coordinates_receiver
-- Install configuration: ""
-- Execute custom install script
-- Symlinking: /home/shivam/code-masala/SeDriCa-BatMobile-v2/install/mp/share/ament_index/resource_index/rosidl_interfaces/mp
-- Symlinking: /home/shivam/code-masala/SeDriCa-BatMobile-v2/install/mp/include/mp/mp/msg/control_instructions.h
-- Symlinking: /home/shivam/code-masala/SeDriCa-BatMobile-v2/install/mp/include/mp/mp/msg/detail/control_instructions__functions.h
-- Symlinking: /home/shivam/code-masala/SeDriCa-BatMobile-v2/install/mp/include/mp/mp/msg/detail/control_instructions__struct.h
-- Symlinking: /home/shivam/code-masala/SeDriCa-BatMobile-v2/install/mp/include/mp/mp/msg/detail/control_instructions__type_support.h
-- Symlinking: /home/shivam/code-masala/SeDriCa-BatMobile-v2/install/mp/include/mp/mp/msg/rosidl_generator_c__visibility_control.h
-- Symlinking: /home/shivam/code-masala/SeDriCa-BatMobile-v2/install/mp/share/mp/environment/library_path.sh
-- Symlinking: /home/shivam/code-masala/SeDriCa-BatMobile-v2/install/mp/share/mp/environment/library_path.dsv
-- Symlinking: /home/shivam/code-masala/SeDriCa-BatMobile-v2/install/mp/include/mp/mp/msg/detail/control_instructions__rosidl_typesupport_fastrtps_c.h
-- Symlinking: /home/shivam/code-masala/SeDriCa-BatMobile-v2/install/mp/include/mp/mp/msg/rosidl_typesupport_fastrtps_c__visibility_control.h
-- Symlinking: /home/shivam/code-masala/SeDriCa-BatMobile-v2/install/mp/include/mp/mp/msg/control_instructions.hpp
-- Symlinking: /home/shivam/code-masala/SeDriCa-BatMobile-v2/install/mp/include/mp/mp/msg/detail/control_instructions__builder.hpp
-- Symlinking: /home/shivam/code-masala/SeDriCa-BatMobile-v2/install/mp/include/mp/mp/msg/detail/control_instructions__struct.hpp
-- Symlinking: /home/shivam/code-masala/SeDriCa-BatMobile-v2/install/mp/include/mp/mp/msg/detail/control_instructions__traits.hpp
-- Symlinking: /home/shivam/code-masala/SeDriCa-BatMobile-v2/install/mp/include/mp/mp/msg/detail/control_instructions__type_support.hpp
-- Symlinking: /home/shivam/code-masala/SeDriCa-BatMobile-v2/install/mp/include/mp/mp/msg/rosidl_generator_cpp__visibility_control.hpp
-- Symlinking: /home/shivam/code-masala/SeDriCa-BatMobile-v2/install/mp/include/mp/mp/msg/detail/control_instructions__rosidl_typesupport_fastrtps_cpp.hpp
-- Symlinking: /home/shivam/code-masala/SeDriCa-BatMobile-v2/install/mp/include/mp/mp/msg/rosidl_typesupport_fastrtps_cpp__visibility_control.h
-- Symlinking: /home/shivam/code-masala/SeDriCa-BatMobile-v2/install/mp/include/mp/mp/msg/detail/control_instructions__rosidl_typesupport_introspection_c.h
-- Symlinking: /home/shivam/code-masala/SeDriCa-BatMobile-v2/install/mp/include/mp/mp/msg/rosidl_typesupport_introspection_c__visibility_control.h
-- Symlinking: /home/shivam/code-masala/SeDriCa-BatMobile-v2/install/mp/include/mp/mp/msg/detail/control_instructions__rosidl_typesupport_introspection_cpp.hpp
-- Symlinking: /home/shivam/code-masala/SeDriCa-BatMobile-v2/install/mp/share/mp/environment/pythonpath.sh
-- Symlinking: /home/shivam/code-masala/SeDriCa-BatMobile-v2/install/mp/share/mp/environment/pythonpath.dsv
-- Symlinking: /home/shivam/code-masala/SeDriCa-BatMobile-v2/install/mp/local/lib/python3.10/dist-packages/mp-0.0.0-py3.10.egg-info/PKG-INFO
-- Symlinking: /home/shivam/code-masala/SeDriCa-BatMobile-v2/install/mp/local/lib/python3.10/dist-packages/mp-0.0.0-py3.10.egg-info/SOURCES.txt
-- Symlinking: /home/shivam/code-masala/SeDriCa-BatMobile-v2/install/mp/local/lib/python3.10/dist-packages/mp-0.0.0-py3.10.egg-info/dependency_links.txt
-- Symlinking: /home/shivam/code-masala/SeDriCa-BatMobile-v2/install/mp/local/lib/python3.10/dist-packages/mp-0.0.0-py3.10.egg-info/top_level.txt
-- Symlinking: /home/shivam/code-masala/SeDriCa-BatMobile-v2/install/mp/local/lib/python3.10/dist-packages/mp/__init__.py
-- Symlinking: /home/shivam/code-masala/SeDriCa-BatMobile-v2/install/mp/local/lib/python3.10/dist-packages/mp/_mp_s.ep.rosidl_typesupport_c.c
-- Symlinking: /home/shivam/code-masala/SeDriCa-BatMobile-v2/install/mp/local/lib/python3.10/dist-packages/mp/_mp_s.ep.rosidl_typesupport_fastrtps_c.c
-- Symlinking: /home/shivam/code-masala/SeDriCa-BatMobile-v2/install/mp/local/lib/python3.10/dist-packages/mp/_mp_s.ep.rosidl_typesupport_introspection_c.c
-- Symlinking: /home/shivam/code-masala/SeDriCa-BatMobile-v2/install/mp/local/lib/python3.10/dist-packages/mp/libmp__rosidl_generator_py.so
-- Symlinking: /home/shivam/code-masala/SeDriCa-BatMobile-v2/install/mp/local/lib/python3.10/dist-packages/mp/mp_s__rosidl_typesupport_c.cpython-310-x86_64-linux-gnu.so
-- Symlinking: /home/shivam/code-masala/SeDriCa-BatMobile-v2/install/mp/local/lib/python3.10/dist-packages/mp/mp_s__rosidl_typesupport_fastrtps_c.cpython-310-x86_64-linux-gnu.so
-- Symlinking: /home/shivam/code-masala/SeDriCa-BatMobile-v2/install/mp/local/lib/python3.10/dist-packages/mp/mp_s__rosidl_typesupport_introspection_c.cpython-310-x86_64-linux-gnu.so
-- Symlinking: /home/shivam/code-masala/SeDriCa-BatMobile-v2/install/mp/local/lib/python3.10/dist-packages/mp/msg/__init__.py
-- Symlinking: /home/shivam/code-masala/SeDriCa-BatMobile-v2/install/mp/local/lib/python3.10/dist-packages/mp/msg/_control_instructions.py
-- Symlinking: /home/shivam/code-masala/SeDriCa-BatMobile-v2/install/mp/local/lib/python3.10/dist-packages/mp/msg/_control_instructions_s.c
-- Up-to-date symlink: /home/shivam/code-masala/SeDriCa-BatMobile-v2/install/mp/local/lib/python3.10/dist-packages/mp/mp_s__rosidl_typesupport_fastrtps_c.cpython-310-x86_64-linux-gnu.so
-- Up-to-date symlink: /home/shivam/code-masala/SeDriCa-BatMobile-v2/install/mp/local/lib/python3.10/dist-packages/mp/mp_s__rosidl_typesupport_introspection_c.cpython-310-x86_64-linux-gnu.so
-- Up-to-date symlink: /home/shivam/code-masala/SeDriCa-BatMobile-v2/install/mp/local/lib/python3.10/dist-packages/mp/mp_s__rosidl_typesupport_c.cpython-310-x86_64-linux-gnu.so
-- Symlinking: /home/shivam/code-masala/SeDriCa-BatMobile-v2/install/mp/share/mp/msg/ControlInstructions.idl
-- Symlinking: /home/shivam/code-masala/SeDriCa-BatMobile-v2/install/mp/share/mp/msg/ControlInstructions.msg
-- Symlinking: /home/shivam/code-masala/SeDriCa-BatMobile-v2/install/mp/lib/mp/coordinates_receiver
-- Symlinking: /home/shivam/code-masala/SeDriCa-BatMobile-v2/install/mp/share/mp/msg/msg/ControlInstructions.msg
-- Symlinking: /home/shivam/code-masala/SeDriCa-BatMobile-v2/install/mp/share/ament_index/resource_index/package_run_dependencies/mp
-- Symlinking: /home/shivam/code-masala/SeDriCa-BatMobile-v2/install/mp/share/ament_index/resource_index/parent_prefix_path/mp
-- Symlinking: /home/shivam/code-masala/SeDriCa-BatMobile-v2/install/mp/share/mp/environment/ament_prefix_path.sh
-- Symlinking: /home/shivam/code-masala/SeDriCa-BatMobile-v2/install/mp/share/mp/environment/ament_prefix_path.dsv
-- Symlinking: /home/shivam/code-masala/SeDriCa-BatMobile-v2/install/mp/share/mp/environment/path.sh
-- Symlinking: /home/shivam/code-masala/SeDriCa-BatMobile-v2/install/mp/share/mp/environment/path.dsv
-- Symlinking: /home/shivam/code-masala/SeDriCa-BatMobile-v2/install/mp/share/mp/local_setup.bash
-- Symlinking: /home/shivam/code-masala/SeDriCa-BatMobile-v2/install/mp/share/mp/local_setup.sh
-- Symlinking: /home/shivam/code-masala/SeDriCa-BatMobile-v2/install/mp/share/mp/local_setup.zsh
-- Symlinking: /home/shivam/code-masala/SeDriCa-BatMobile-v2/install/mp/share/mp/local_setup.dsv
-- Symlinking: /home/shivam/code-masala/SeDriCa-BatMobile-v2/install/mp/share/mp/package.dsv
-- Symlinking: /home/shivam/code-masala/SeDriCa-BatMobile-v2/install/mp/share/ament_index/resource_index/packages/mp
-- Symlinking: /home/shivam/code-masala/SeDriCa-BatMobile-v2/install/mp/share/mp/cmake/rosidl_cmake-extras.cmake
-- Symlinking: /home/shivam/code-masala/SeDriCa-BatMobile-v2/install/mp/share/mp/cmake/ament_cmake_export_include_directories-extras.cmake
-- Symlinking: /home/shivam/code-masala/SeDriCa-BatMobile-v2/install/mp/share/mp/cmake/ament_cmake_export_libraries-extras.cmake
-- Symlinking: /home/shivam/code-masala/SeDriCa-BatMobile-v2/install/mp/share/mp/cmake/ament_cmake_export_targets-extras.cmake
-- Symlinking: /home/shivam/code-masala/SeDriCa-BatMobile-v2/install/mp/share/mp/cmake/rosidl_cmake_export_typesupport_targets-extras.cmake
-- Symlinking: /home/shivam/code-masala/SeDriCa-BatMobile-v2/install/mp/share/mp/cmake/ament_cmake_export_dependencies-extras.cmake
-- Symlinking: /home/shivam/code-masala/SeDriCa-BatMobile-v2/install/mp/share/mp/cmake/rosidl_cmake_export_typesupport_libraries-extras.cmake
-- Symlinking: /home/shivam/code-masala/SeDriCa-BatMobile-v2/install/mp/share/mp/cmake/mpConfig.cmake
-- Symlinking: /home/shivam/code-masala/SeDriCa-BatMobile-v2/install/mp/share/mp/cmake/mpConfig-version.cmake
-- Symlinking: /home/shivam/code-masala/SeDriCa-BatMobile-v2/install/mp/share/mp/package.xml
-- Installing: /home/shivam/code-masala/SeDriCa-BatMobile-v2/install/mp/lib/libmp__rosidl_generator_c.so
-- Set runtime path of "/home/shivam/code-masala/SeDriCa-BatMobile-v2/install/mp/lib/libmp__rosidl_generator_c.so" to ""
-- Installing: /home/shivam/code-masala/SeDriCa-BatMobile-v2/install/mp/lib/libmp__rosidl_typesupport_fastrtps_c.so
-- Set runtime path of "/home/shivam/code-masala/SeDriCa-BatMobile-v2/install/mp/lib/libmp__rosidl_typesupport_fastrtps_c.so" to ""
-- Installing: /home/shivam/code-masala/SeDriCa-BatMobile-v2/install/mp/lib/libmp__rosidl_typesupport_fastrtps_cpp.so
-- Set runtime path of "/home/shivam/code-masala/SeDriCa-BatMobile-v2/install/mp/lib/libmp__rosidl_typesupport_fastrtps_cpp.so" to ""
-- Installing: /home/shivam/code-masala/SeDriCa-BatMobile-v2/install/mp/lib/libmp__rosidl_typesupport_introspection_c.so
-- Set runtime path of "/home/shivam/code-masala/SeDriCa-BatMobile-v2/install/mp/lib/libmp__rosidl_typesupport_introspection_c.so" to ""
-- Installing: /home/shivam/code-masala/SeDriCa-BatMobile-v2/install/mp/lib/libmp__rosidl_typesupport_c.so
-- Set runtime path of "/home/shivam/code-masala/SeDriCa-BatMobile-v2/install/mp/lib/libmp__rosidl_typesupport_c.so" to ""
-- Installing: /home/shivam/code-masala/SeDriCa-BatMobile-v2/install/mp/lib/libmp__rosidl_typesupport_introspection_cpp.so
-- Set runtime path of "/home/shivam/code-masala/SeDriCa-BatMobile-v2/install/mp/lib/libmp__rosidl_typesupport_introspection_cpp.so" to ""
-- Installing: /home/shivam/code-masala/SeDriCa-BatMobile-v2/install/mp/lib/libmp__rosidl_typesupport_cpp.so
-- Set runtime path of "/home/shivam/code-masala/SeDriCa-BatMobile-v2/install/mp/lib/libmp__rosidl_typesupport_cpp.so" to ""
Listing '/home/shivam/code-masala/SeDriCa-BatMobile-v2/install/mp/local/lib/python3.10/dist-packages/mp'...
Compiling '/home/shivam/code-masala/SeDriCa-BatMobile-v2/install/mp/local/lib/python3.10/dist-packages/mp/__init__.py'...
Listing '/home/shivam/code-masala/SeDriCa-BatMobile-v2/install/mp/local/lib/python3.10/dist-packages/mp/msg'...
Compiling '/home/shivam/code-masala/SeDriCa-BatMobile-v2/install/mp/local/lib/python3.10/dist-packages/mp/msg/__init__.py'...
Compiling '/home/shivam/code-masala/SeDriCa-BatMobile-v2/install/mp/local/lib/python3.10/dist-packages/mp/msg/_control_instructions.py'...
-- Installing: /home/shivam/code-masala/SeDriCa-BatMobile-v2/install/mp/lib/libmp__rosidl_generator_py.so
-- Set runtime path of "/home/shivam/code-masala/SeDriCa-BatMobile-v2/install/mp/lib/libmp__rosidl_generator_py.so" to ""
-- Installing: /home/shivam/code-masala/SeDriCa-BatMobile-v2/install/mp/share/mp/cmake/export_mp__rosidl_generator_cExport.cmake
-- Installing: /home/shivam/code-masala/SeDriCa-BatMobile-v2/install/mp/share/mp/cmake/export_mp__rosidl_generator_cExport-noconfig.cmake
-- Installing: /home/shivam/code-masala/SeDriCa-BatMobile-v2/install/mp/share/mp/cmake/export_mp__rosidl_typesupport_fastrtps_cExport.cmake
-- Installing: /home/shivam/code-masala/SeDriCa-BatMobile-v2/install/mp/share/mp/cmake/export_mp__rosidl_typesupport_fastrtps_cExport-noconfig.cmake
-- Installing: /home/shivam/code-masala/SeDriCa-BatMobile-v2/install/mp/share/mp/cmake/export_mp__rosidl_generator_cppExport.cmake
-- Installing: /home/shivam/code-masala/SeDriCa-BatMobile-v2/install/mp/share/mp/cmake/export_mp__rosidl_typesupport_fastrtps_cppExport.cmake
-- Installing: /home/shivam/code-masala/SeDriCa-BatMobile-v2/install/mp/share/mp/cmake/export_mp__rosidl_typesupport_fastrtps_cppExport-noconfig.cmake
-- Installing: /home/shivam/code-masala/SeDriCa-BatMobile-v2/install/mp/share/mp/cmake/mp__rosidl_typesupport_introspection_cExport.cmake
-- Installing: /home/shivam/code-masala/SeDriCa-BatMobile-v2/install/mp/share/mp/cmake/mp__rosidl_typesupport_introspection_cExport-noconfig.cmake
-- Installing: /home/shivam/code-masala/SeDriCa-BatMobile-v2/install/mp/share/mp/cmake/mp__rosidl_typesupport_cExport.cmake
-- Installing: /home/shivam/code-masala/SeDriCa-BatMobile-v2/install/mp/share/mp/cmake/mp__rosidl_typesupport_cExport-noconfig.cmake
-- Installing: /home/shivam/code-masala/SeDriCa-BatMobile-v2/install/mp/share/mp/cmake/mp__rosidl_typesupport_introspection_cppExport.cmake
-- Installing: /home/shivam/code-masala/SeDriCa-BatMobile-v2/install/mp/share/mp/cmake/mp__rosidl_typesupport_introspection_cppExport-noconfig.cmake
-- Installing: /home/shivam/code-masala/SeDriCa-BatMobile-v2/install/mp/share/mp/cmake/mp__rosidl_typesupport_cppExport.cmake
-- Installing: /home/shivam/code-masala/SeDriCa-BatMobile-v2/install/mp/share/mp/cmake/mp__rosidl_typesupport_cppExport-noconfig.cmake
-- Installing: /home/shivam/code-masala/SeDriCa-BatMobile-v2/install/mp/share/mp/cmake/export_mp__rosidl_generator_pyExport.cmake
-- Installing: /home/shivam/code-masala/SeDriCa-BatMobile-v2/install/mp/share/mp/cmake/export_mp__rosidl_generator_pyExport-noconfig.cmake
