[0.187s] Invoking command in '/home/shivam/code-masala/SeDriCa-BatMobile-v2/build/mp': CMAKE_PREFIX_PATH=/opt/ros/humble /usr/bin/cmake /home/shivam/code-masala/SeDriCa-BatMobile-v2/mp -DAMENT_CMAKE_SYMLINK_INSTALL=1 -DCMAKE_INSTALL_PREFIX=/home/shivam/code-masala/SeDriCa-BatMobile-v2/install/mp
[0.229s] -- The C compiler identification is GNU 11.4.0
[0.267s] -- The CXX compiler identification is GNU 11.4.0
[0.272s] -- Detecting C compiler ABI info
[0.328s] -- Detecting C compiler ABI info - done
[0.333s] -- Check for working C compiler: /usr/bin/cc - skipped
[0.333s] -- Detecting C compile features
[0.334s] -- Detecting C compile features - done
[0.336s] -- Detecting CXX compiler ABI info
[0.397s] -- Detecting CXX compiler ABI info - done
[0.403s] -- Check for working CXX compiler: /usr/bin/c++ - skipped
[0.404s] -- Detecting CXX compile features
[0.404s] -- Detecting CXX compile features - done
[0.406s] -- Found ament_cmake: 1.3.11 (/opt/ros/humble/share/ament_cmake/cmake)
[0.521s] -- Found Python3: /usr/bin/python3 (found version "3.10.12") found components: Interpreter 
[0.563s] -- Override CMake install command with custom implementation using symlinks instead of copying resources
[0.584s] -- Found rclcpp: 16.0.12 (/opt/ros/humble/share/rclcpp/cmake)
[0.619s] -- Found rosidl_generator_c: 3.1.6 (/opt/ros/humble/share/rosidl_generator_c/cmake)
[0.622s] -- Found rosidl_adapter: 3.1.6 (/opt/ros/humble/share/rosidl_adapter/cmake)
[0.628s] -- Found rosidl_generator_cpp: 3.1.6 (/opt/ros/humble/share/rosidl_generator_cpp/cmake)
[0.637s] -- Using all available rosidl_typesupport_c: rosidl_typesupport_fastrtps_c;rosidl_typesupport_introspection_c
[0.649s] -- Using all available rosidl_typesupport_cpp: rosidl_typesupport_fastrtps_cpp;rosidl_typesupport_introspection_cpp
[0.680s] -- Found rmw_implementation_cmake: 6.1.2 (/opt/ros/humble/share/rmw_implementation_cmake/cmake)
[0.682s] -- Found rmw_fastrtps_cpp: 6.2.7 (/opt/ros/humble/share/rmw_fastrtps_cpp/cmake)
[0.751s] -- Found OpenSSL: /usr/lib/x86_64-linux-gnu/libcrypto.so (found version "3.0.2")  
[0.774s] -- Found FastRTPS: /opt/ros/humble/include  
[0.806s] -- Using RMW implementation 'rmw_fastrtps_cpp' as default
[0.811s] -- Looking for pthread.h
[0.873s] -- Looking for pthread.h - found
[0.873s] -- Performing Test CMAKE_HAVE_LIBC_PTHREAD
[0.941s] -- Performing Test CMAKE_HAVE_LIBC_PTHREAD - Success
[0.942s] -- Found Threads: TRUE  
[0.976s] -- Found geometry_msgs: 4.8.0 (/opt/ros/humble/share/geometry_msgs/cmake)
[0.984s] -- Found rosidl_default_generators: 1.2.0 (/opt/ros/humble/share/rosidl_default_generators/cmake)
[1.177s] -- Found ament_cmake_ros: 0.10.0 (/opt/ros/humble/share/ament_cmake_ros/cmake)
[1.398s] -- Using all available rosidl_typesupport_c: rosidl_typesupport_fastrtps_c;rosidl_typesupport_introspection_c
[1.491s] -- Using all available rosidl_typesupport_cpp: rosidl_typesupport_fastrtps_cpp;rosidl_typesupport_introspection_cpp
[1.508s] -- Found PythonInterp: /usr/bin/python3 (found suitable version "3.10.12", minimum required is "3.6") 
[1.509s] -- Found python_cmake_module: 0.10.0 (/opt/ros/humble/share/python_cmake_module/cmake)
[1.528s] -- Found PythonLibs: /usr/lib/x86_64-linux-gnu/libpython3.10.so (found suitable version "3.10.12", minimum required is "3.5") 
[1.528s] -- Using PYTHON_EXECUTABLE: /usr/bin/python3
[1.528s] -- Using PYTHON_INCLUDE_DIRS: /usr/include/python3.10
[1.528s] -- Using PYTHON_LIBRARIES: /usr/lib/x86_64-linux-gnu/libpython3.10.so
[1.543s] -- Found PythonExtra: .so  
[1.570s] -- Found ament_lint_auto: 0.12.12 (/opt/ros/humble/share/ament_lint_auto/cmake)
[1.586s] -- Added test 'cppcheck' to perform static code analysis on C / C++ code
[1.587s] -- Configured cppcheck include dirs: 
[1.587s] -- Configured cppcheck exclude dirs and/or files: 
[1.587s] -- Added test 'lint_cmake' to check CMake code style
[1.588s] -- Added test 'uncrustify' to check C / C++ code style
[1.588s] -- Configured uncrustify additional arguments: 
[1.588s] -- Added test 'xmllint' to check XML markup files
[1.590s] -- Configuring done
[1.609s] -- Generating done
[1.616s] -- Build files have been written to: /home/shivam/code-masala/SeDriCa-BatMobile-v2/build/mp
[1.625s] Invoked command in '/home/shivam/code-masala/SeDriCa-BatMobile-v2/build/mp' returned '0': CMAKE_PREFIX_PATH=/opt/ros/humble /usr/bin/cmake /home/shivam/code-masala/SeDriCa-BatMobile-v2/mp -DAMENT_CMAKE_SYMLINK_INSTALL=1 -DCMAKE_INSTALL_PREFIX=/home/shivam/code-masala/SeDriCa-BatMobile-v2/install/mp
[1.626s] Invoking command in '/home/shivam/code-masala/SeDriCa-BatMobile-v2/build/mp': CMAKE_PREFIX_PATH=/opt/ros/humble /usr/bin/cmake --build /home/shivam/code-masala/SeDriCa-BatMobile-v2/build/mp -- -j16 -l16
[1.658s] [  3%] [34m[1mGenerating C code for ROS interfaces[0m
[1.667s] [  6%] [34m[1mGenerating C++ code for ROS interfaces[0m
[1.672s] [  6%] Built target ament_cmake_python_symlink_mp
[1.816s] running egg_info
[1.817s] creating mp.egg-info
[1.817s] writing mp.egg-info/PKG-INFO
[1.817s] writing dependency_links to mp.egg-info/dependency_links.txt
[1.817s] writing top-level names to mp.egg-info/top_level.txt
[1.817s] writing manifest file 'mp.egg-info/SOURCES.txt'
[1.818s] reading manifest file 'mp.egg-info/SOURCES.txt'
[1.819s] writing manifest file 'mp.egg-info/SOURCES.txt'
[1.832s] [  6%] Built target mp__cpp
[1.834s] [  9%] [32mBuilding C object CMakeFiles/mp__rosidl_generator_c.dir/rosidl_generator_c/mp/msg/detail/control_instructions__functions.c.o[0m
[1.840s] [ 15%] [34m[1mGenerating C++ type support for eProsima Fast-RTPS[0m
[1.840s] [ 15%] [34m[1mGenerating C++ type support dispatch for ROS interfaces[0m
[1.840s] [ 15%] Built target ament_cmake_python_build_mp_egg
[1.840s] [ 18%] [34m[1mGenerating C++ introspection for ROS interfaces[0m
[1.873s] [ 21%] [32m[1mLinking C shared library libmp__rosidl_generator_c.so[0m
[1.901s] [ 21%] Built target mp__rosidl_generator_c
[1.908s] [ 24%] [34m[1mGenerating C type support dispatch for ROS interfaces[0m
[1.910s] [ 30%] [34m[1mGenerating C type support for eProsima Fast-RTPS[0m
[1.910s] [ 30%] [34m[1mGenerating C introspection for ROS interfaces[0m
[1.993s] [ 33%] [32mBuilding CXX object CMakeFiles/mp__rosidl_typesupport_cpp.dir/rosidl_typesupport_cpp/mp/msg/control_instructions__type_support.cpp.o[0m
[2.002s] [ 36%] [32mBuilding CXX object CMakeFiles/mp__rosidl_typesupport_fastrtps_cpp.dir/rosidl_typesupport_fastrtps_cpp/mp/msg/detail/dds_fastrtps/control_instructions__type_support.cpp.o[0m
[2.003s] [ 39%] [32mBuilding CXX object CMakeFiles/mp__rosidl_typesupport_introspection_cpp.dir/rosidl_typesupport_introspection_cpp/mp/msg/detail/control_instructions__type_support.cpp.o[0m
[2.059s] [ 42%] [32mBuilding CXX object CMakeFiles/mp__rosidl_typesupport_c.dir/rosidl_typesupport_c/mp/msg/control_instructions__type_support.cpp.o[0m
[2.073s] [ 45%] [32mBuilding C object CMakeFiles/mp__rosidl_typesupport_introspection_c.dir/rosidl_typesupport_introspection_c/mp/msg/detail/control_instructions__type_support.c.o[0m
[2.076s] [ 48%] [32mBuilding CXX object CMakeFiles/mp__rosidl_typesupport_fastrtps_c.dir/rosidl_typesupport_fastrtps_c/mp/msg/detail/control_instructions__type_support_c.cpp.o[0m
[2.081s] [ 51%] [32m[1mLinking CXX shared library libmp__rosidl_typesupport_c.so[0m
[2.096s] [ 54%] [32m[1mLinking C shared library libmp__rosidl_typesupport_introspection_c.so[0m
[2.117s] [ 54%] Built target mp__rosidl_typesupport_c
[2.121s] [ 54%] Built target mp__rosidl_typesupport_introspection_c
[2.174s] [ 57%] [32m[1mLinking CXX shared library libmp__rosidl_typesupport_cpp.so[0m
[2.207s] [ 57%] Built target mp__rosidl_typesupport_cpp
[2.224s] [ 60%] [32mBuilding CXX object CMakeFiles/coordinates_receiver.dir/src/coordinatesreceiver.cpp.o[0m
[2.245s] [ 63%] [32m[1mLinking CXX shared library libmp__rosidl_typesupport_introspection_cpp.so[0m
[2.248s] [ 66%] [32m[1mLinking CXX shared library libmp__rosidl_typesupport_fastrtps_cpp.so[0m
[2.274s] [ 66%] Built target mp__rosidl_typesupport_introspection_cpp
[2.278s] [ 69%] [32m[1mLinking CXX shared library libmp__rosidl_typesupport_fastrtps_c.so[0m
[2.300s] [ 69%] Built target mp__rosidl_typesupport_fastrtps_cpp
[2.333s] [ 69%] Built target mp__rosidl_typesupport_fastrtps_c
[2.348s] [ 69%] Built target mp
[2.362s] [ 72%] [34m[1mGenerating Python code for ROS interfaces[0m
[2.566s] [ 72%] Built target mp__py
[2.582s] [ 75%] [32mBuilding C object CMakeFiles/mp__rosidl_generator_py.dir/rosidl_generator_py/mp/msg/_control_instructions_s.c.o[0m
[2.661s] [ 78%] [32m[1mLinking C shared library rosidl_generator_py/mp/libmp__rosidl_generator_py.so[0m
[2.695s] [ 78%] Built target mp__rosidl_generator_py
[2.708s] [ 84%] [32mBuilding C object CMakeFiles/mp__rosidl_typesupport_fastrtps_c__pyext.dir/rosidl_generator_py/mp/_mp_s.ep.rosidl_typesupport_fastrtps_c.c.o[0m
[2.708s] [ 84%] [32mBuilding C object CMakeFiles/mp__rosidl_typesupport_introspection_c__pyext.dir/rosidl_generator_py/mp/_mp_s.ep.rosidl_typesupport_introspection_c.c.o[0m
[2.711s] [ 87%] [32mBuilding C object CMakeFiles/mp__rosidl_typesupport_c__pyext.dir/rosidl_generator_py/mp/_mp_s.ep.rosidl_typesupport_c.c.o[0m
[2.765s] [ 90%] [32m[1mLinking C shared library rosidl_generator_py/mp/mp_s__rosidl_typesupport_fastrtps_c.cpython-310-x86_64-linux-gnu.so[0m
[2.766s] [ 93%] [32m[1mLinking C shared library rosidl_generator_py/mp/mp_s__rosidl_typesupport_introspection_c.cpython-310-x86_64-linux-gnu.so[0m
[2.768s] [ 96%] [32m[1mLinking C shared library rosidl_generator_py/mp/mp_s__rosidl_typesupport_c.cpython-310-x86_64-linux-gnu.so[0m
[2.788s] [ 96%] Built target mp__rosidl_typesupport_fastrtps_c__pyext
[2.792s] [ 96%] Built target mp__rosidl_typesupport_c__pyext
[2.794s] [ 96%] Built target mp__rosidl_typesupport_introspection_c__pyext
[7.875s] [100%] [32m[1mLinking CXX executable coordinates_receiver[0m
[8.163s] [100%] Built target coordinates_receiver
[8.173s] Invoked command in '/home/shivam/code-masala/SeDriCa-BatMobile-v2/build/mp' returned '0': CMAKE_PREFIX_PATH=/opt/ros/humble /usr/bin/cmake --build /home/shivam/code-masala/SeDriCa-BatMobile-v2/build/mp -- -j16 -l16
[8.182s] Invoking command in '/home/shivam/code-masala/SeDriCa-BatMobile-v2/build/mp': CMAKE_PREFIX_PATH=/opt/ros/humble /usr/bin/cmake --install /home/shivam/code-masala/SeDriCa-BatMobile-v2/build/mp
[8.188s] -- Install configuration: ""
[8.189s] -- Execute custom install script
[8.189s] -- Symlinking: /home/shivam/code-masala/SeDriCa-BatMobile-v2/install/mp/share/ament_index/resource_index/rosidl_interfaces/mp
[8.197s] -- Symlinking: /home/shivam/code-masala/SeDriCa-BatMobile-v2/install/mp/include/mp/mp/msg/control_instructions.h
[8.204s] -- Symlinking: /home/shivam/code-masala/SeDriCa-BatMobile-v2/install/mp/include/mp/mp/msg/detail/control_instructions__functions.h
[8.210s] -- Symlinking: /home/shivam/code-masala/SeDriCa-BatMobile-v2/install/mp/include/mp/mp/msg/detail/control_instructions__struct.h
[8.215s] -- Symlinking: /home/shivam/code-masala/SeDriCa-BatMobile-v2/install/mp/include/mp/mp/msg/detail/control_instructions__type_support.h
[8.220s] -- Symlinking: /home/shivam/code-masala/SeDriCa-BatMobile-v2/install/mp/include/mp/mp/msg/rosidl_generator_c__visibility_control.h
[8.226s] -- Symlinking: /home/shivam/code-masala/SeDriCa-BatMobile-v2/install/mp/share/mp/environment/library_path.sh
[8.232s] -- Symlinking: /home/shivam/code-masala/SeDriCa-BatMobile-v2/install/mp/share/mp/environment/library_path.dsv
[8.240s] -- Symlinking: /home/shivam/code-masala/SeDriCa-BatMobile-v2/install/mp/include/mp/mp/msg/detail/control_instructions__rosidl_typesupport_fastrtps_c.h
[8.247s] -- Symlinking: /home/shivam/code-masala/SeDriCa-BatMobile-v2/install/mp/include/mp/mp/msg/rosidl_typesupport_fastrtps_c__visibility_control.h
[8.253s] -- Symlinking: /home/shivam/code-masala/SeDriCa-BatMobile-v2/install/mp/include/mp/mp/msg/control_instructions.hpp
[8.259s] -- Symlinking: /home/shivam/code-masala/SeDriCa-BatMobile-v2/install/mp/include/mp/mp/msg/detail/control_instructions__builder.hpp
[8.266s] -- Symlinking: /home/shivam/code-masala/SeDriCa-BatMobile-v2/install/mp/include/mp/mp/msg/detail/control_instructions__struct.hpp
[8.273s] -- Symlinking: /home/shivam/code-masala/SeDriCa-BatMobile-v2/install/mp/include/mp/mp/msg/detail/control_instructions__traits.hpp
[8.280s] -- Symlinking: /home/shivam/code-masala/SeDriCa-BatMobile-v2/install/mp/include/mp/mp/msg/detail/control_instructions__type_support.hpp
[8.287s] -- Symlinking: /home/shivam/code-masala/SeDriCa-BatMobile-v2/install/mp/include/mp/mp/msg/rosidl_generator_cpp__visibility_control.hpp
[8.295s] -- Symlinking: /home/shivam/code-masala/SeDriCa-BatMobile-v2/install/mp/include/mp/mp/msg/detail/control_instructions__rosidl_typesupport_fastrtps_cpp.hpp
[8.302s] -- Symlinking: /home/shivam/code-masala/SeDriCa-BatMobile-v2/install/mp/include/mp/mp/msg/rosidl_typesupport_fastrtps_cpp__visibility_control.h
[8.309s] -- Symlinking: /home/shivam/code-masala/SeDriCa-BatMobile-v2/install/mp/include/mp/mp/msg/detail/control_instructions__rosidl_typesupport_introspection_c.h
[8.316s] -- Symlinking: /home/shivam/code-masala/SeDriCa-BatMobile-v2/install/mp/include/mp/mp/msg/rosidl_typesupport_introspection_c__visibility_control.h
[8.323s] -- Symlinking: /home/shivam/code-masala/SeDriCa-BatMobile-v2/install/mp/include/mp/mp/msg/detail/control_instructions__rosidl_typesupport_introspection_cpp.hpp
[8.331s] -- Symlinking: /home/shivam/code-masala/SeDriCa-BatMobile-v2/install/mp/share/mp/environment/pythonpath.sh
[8.338s] -- Symlinking: /home/shivam/code-masala/SeDriCa-BatMobile-v2/install/mp/share/mp/environment/pythonpath.dsv
[8.346s] -- Symlinking: /home/shivam/code-masala/SeDriCa-BatMobile-v2/install/mp/local/lib/python3.10/dist-packages/mp-0.0.0-py3.10.egg-info/PKG-INFO
[8.353s] -- Symlinking: /home/shivam/code-masala/SeDriCa-BatMobile-v2/install/mp/local/lib/python3.10/dist-packages/mp-0.0.0-py3.10.egg-info/SOURCES.txt
[8.360s] -- Symlinking: /home/shivam/code-masala/SeDriCa-BatMobile-v2/install/mp/local/lib/python3.10/dist-packages/mp-0.0.0-py3.10.egg-info/dependency_links.txt
[8.367s] -- Symlinking: /home/shivam/code-masala/SeDriCa-BatMobile-v2/install/mp/local/lib/python3.10/dist-packages/mp-0.0.0-py3.10.egg-info/top_level.txt
[8.374s] -- Symlinking: /home/shivam/code-masala/SeDriCa-BatMobile-v2/install/mp/local/lib/python3.10/dist-packages/mp/__init__.py
[8.381s] -- Symlinking: /home/shivam/code-masala/SeDriCa-BatMobile-v2/install/mp/local/lib/python3.10/dist-packages/mp/_mp_s.ep.rosidl_typesupport_c.c
[8.388s] -- Symlinking: /home/shivam/code-masala/SeDriCa-BatMobile-v2/install/mp/local/lib/python3.10/dist-packages/mp/_mp_s.ep.rosidl_typesupport_fastrtps_c.c
[8.395s] -- Symlinking: /home/shivam/code-masala/SeDriCa-BatMobile-v2/install/mp/local/lib/python3.10/dist-packages/mp/_mp_s.ep.rosidl_typesupport_introspection_c.c
[8.402s] -- Symlinking: /home/shivam/code-masala/SeDriCa-BatMobile-v2/install/mp/local/lib/python3.10/dist-packages/mp/libmp__rosidl_generator_py.so
[8.408s] -- Symlinking: /home/shivam/code-masala/SeDriCa-BatMobile-v2/install/mp/local/lib/python3.10/dist-packages/mp/mp_s__rosidl_typesupport_c.cpython-310-x86_64-linux-gnu.so
[8.415s] -- Symlinking: /home/shivam/code-masala/SeDriCa-BatMobile-v2/install/mp/local/lib/python3.10/dist-packages/mp/mp_s__rosidl_typesupport_fastrtps_c.cpython-310-x86_64-linux-gnu.so
[8.423s] -- Symlinking: /home/shivam/code-masala/SeDriCa-BatMobile-v2/install/mp/local/lib/python3.10/dist-packages/mp/mp_s__rosidl_typesupport_introspection_c.cpython-310-x86_64-linux-gnu.so
[8.430s] -- Symlinking: /home/shivam/code-masala/SeDriCa-BatMobile-v2/install/mp/local/lib/python3.10/dist-packages/mp/msg/__init__.py
[8.438s] -- Symlinking: /home/shivam/code-masala/SeDriCa-BatMobile-v2/install/mp/local/lib/python3.10/dist-packages/mp/msg/_control_instructions.py
[8.445s] -- Symlinking: /home/shivam/code-masala/SeDriCa-BatMobile-v2/install/mp/local/lib/python3.10/dist-packages/mp/msg/_control_instructions_s.c
[8.453s] -- Up-to-date symlink: /home/shivam/code-masala/SeDriCa-BatMobile-v2/install/mp/local/lib/python3.10/dist-packages/mp/mp_s__rosidl_typesupport_fastrtps_c.cpython-310-x86_64-linux-gnu.so
[8.453s] -- Up-to-date symlink: /home/shivam/code-masala/SeDriCa-BatMobile-v2/install/mp/local/lib/python3.10/dist-packages/mp/mp_s__rosidl_typesupport_introspection_c.cpython-310-x86_64-linux-gnu.so
[8.453s] -- Up-to-date symlink: /home/shivam/code-masala/SeDriCa-BatMobile-v2/install/mp/local/lib/python3.10/dist-packages/mp/mp_s__rosidl_typesupport_c.cpython-310-x86_64-linux-gnu.so
[8.453s] -- Symlinking: /home/shivam/code-masala/SeDriCa-BatMobile-v2/install/mp/share/mp/msg/ControlInstructions.idl
[8.461s] -- Symlinking: /home/shivam/code-masala/SeDriCa-BatMobile-v2/install/mp/share/mp/msg/ControlInstructions.msg
[8.468s] -- Symlinking: /home/shivam/code-masala/SeDriCa-BatMobile-v2/install/mp/lib/mp/coordinates_receiver
[8.475s] -- Symlinking: /home/shivam/code-masala/SeDriCa-BatMobile-v2/install/mp/share/mp/msg/msg/ControlInstructions.msg
[8.481s] -- Symlinking: /home/shivam/code-masala/SeDriCa-BatMobile-v2/install/mp/share/ament_index/resource_index/package_run_dependencies/mp
[8.488s] -- Symlinking: /home/shivam/code-masala/SeDriCa-BatMobile-v2/install/mp/share/ament_index/resource_index/parent_prefix_path/mp
[8.495s] -- Symlinking: /home/shivam/code-masala/SeDriCa-BatMobile-v2/install/mp/share/mp/environment/ament_prefix_path.sh
[8.502s] -- Symlinking: /home/shivam/code-masala/SeDriCa-BatMobile-v2/install/mp/share/mp/environment/ament_prefix_path.dsv
[8.509s] -- Symlinking: /home/shivam/code-masala/SeDriCa-BatMobile-v2/install/mp/share/mp/environment/path.sh
[8.516s] -- Symlinking: /home/shivam/code-masala/SeDriCa-BatMobile-v2/install/mp/share/mp/environment/path.dsv
[8.524s] -- Symlinking: /home/shivam/code-masala/SeDriCa-BatMobile-v2/install/mp/share/mp/local_setup.bash
[8.531s] -- Symlinking: /home/shivam/code-masala/SeDriCa-BatMobile-v2/install/mp/share/mp/local_setup.sh
[8.539s] -- Symlinking: /home/shivam/code-masala/SeDriCa-BatMobile-v2/install/mp/share/mp/local_setup.zsh
[8.546s] -- Symlinking: /home/shivam/code-masala/SeDriCa-BatMobile-v2/install/mp/share/mp/local_setup.dsv
[8.553s] -- Symlinking: /home/shivam/code-masala/SeDriCa-BatMobile-v2/install/mp/share/mp/package.dsv
[8.561s] -- Symlinking: /home/shivam/code-masala/SeDriCa-BatMobile-v2/install/mp/share/ament_index/resource_index/packages/mp
[8.566s] -- Symlinking: /home/shivam/code-masala/SeDriCa-BatMobile-v2/install/mp/share/mp/cmake/rosidl_cmake-extras.cmake
[8.572s] -- Symlinking: /home/shivam/code-masala/SeDriCa-BatMobile-v2/install/mp/share/mp/cmake/ament_cmake_export_include_directories-extras.cmake
[8.579s] -- Symlinking: /home/shivam/code-masala/SeDriCa-BatMobile-v2/install/mp/share/mp/cmake/ament_cmake_export_libraries-extras.cmake
[8.586s] -- Symlinking: /home/shivam/code-masala/SeDriCa-BatMobile-v2/install/mp/share/mp/cmake/ament_cmake_export_targets-extras.cmake
[8.593s] -- Symlinking: /home/shivam/code-masala/SeDriCa-BatMobile-v2/install/mp/share/mp/cmake/rosidl_cmake_export_typesupport_targets-extras.cmake
[8.600s] -- Symlinking: /home/shivam/code-masala/SeDriCa-BatMobile-v2/install/mp/share/mp/cmake/ament_cmake_export_dependencies-extras.cmake
[8.607s] -- Symlinking: /home/shivam/code-masala/SeDriCa-BatMobile-v2/install/mp/share/mp/cmake/rosidl_cmake_export_typesupport_libraries-extras.cmake
[8.614s] -- Symlinking: /home/shivam/code-masala/SeDriCa-BatMobile-v2/install/mp/share/mp/cmake/mpConfig.cmake
[8.621s] -- Symlinking: /home/shivam/code-masala/SeDriCa-BatMobile-v2/install/mp/share/mp/cmake/mpConfig-version.cmake
[8.628s] -- Symlinking: /home/shivam/code-masala/SeDriCa-BatMobile-v2/install/mp/share/mp/package.xml
[8.636s] -- Installing: /home/shivam/code-masala/SeDriCa-BatMobile-v2/install/mp/lib/libmp__rosidl_generator_c.so
[8.636s] -- Set runtime path of "/home/shivam/code-masala/SeDriCa-BatMobile-v2/install/mp/lib/libmp__rosidl_generator_c.so" to ""
[8.636s] -- Installing: /home/shivam/code-masala/SeDriCa-BatMobile-v2/install/mp/lib/libmp__rosidl_typesupport_fastrtps_c.so
[8.636s] -- Set runtime path of "/home/shivam/code-masala/SeDriCa-BatMobile-v2/install/mp/lib/libmp__rosidl_typesupport_fastrtps_c.so" to ""
[8.636s] -- Installing: /home/shivam/code-masala/SeDriCa-BatMobile-v2/install/mp/lib/libmp__rosidl_typesupport_fastrtps_cpp.so
[8.636s] -- Set runtime path of "/home/shivam/code-masala/SeDriCa-BatMobile-v2/install/mp/lib/libmp__rosidl_typesupport_fastrtps_cpp.so" to ""
[8.636s] -- Installing: /home/shivam/code-masala/SeDriCa-BatMobile-v2/install/mp/lib/libmp__rosidl_typesupport_introspection_c.so
[8.636s] -- Set runtime path of "/home/shivam/code-masala/SeDriCa-BatMobile-v2/install/mp/lib/libmp__rosidl_typesupport_introspection_c.so" to ""
[8.636s] -- Installing: /home/shivam/code-masala/SeDriCa-BatMobile-v2/install/mp/lib/libmp__rosidl_typesupport_c.so
[8.637s] -- Set runtime path of "/home/shivam/code-masala/SeDriCa-BatMobile-v2/install/mp/lib/libmp__rosidl_typesupport_c.so" to ""
[8.637s] -- Installing: /home/shivam/code-masala/SeDriCa-BatMobile-v2/install/mp/lib/libmp__rosidl_typesupport_introspection_cpp.so
[8.637s] -- Set runtime path of "/home/shivam/code-masala/SeDriCa-BatMobile-v2/install/mp/lib/libmp__rosidl_typesupport_introspection_cpp.so" to ""
[8.637s] -- Installing: /home/shivam/code-masala/SeDriCa-BatMobile-v2/install/mp/lib/libmp__rosidl_typesupport_cpp.so
[8.637s] -- Set runtime path of "/home/shivam/code-masala/SeDriCa-BatMobile-v2/install/mp/lib/libmp__rosidl_typesupport_cpp.so" to ""
[8.664s] Listing '/home/shivam/code-masala/SeDriCa-BatMobile-v2/install/mp/local/lib/python3.10/dist-packages/mp'...
[8.664s] Compiling '/home/shivam/code-masala/SeDriCa-BatMobile-v2/install/mp/local/lib/python3.10/dist-packages/mp/__init__.py'...
[8.664s] Listing '/home/shivam/code-masala/SeDriCa-BatMobile-v2/install/mp/local/lib/python3.10/dist-packages/mp/msg'...
[8.664s] Compiling '/home/shivam/code-masala/SeDriCa-BatMobile-v2/install/mp/local/lib/python3.10/dist-packages/mp/msg/__init__.py'...
[8.664s] Compiling '/home/shivam/code-masala/SeDriCa-BatMobile-v2/install/mp/local/lib/python3.10/dist-packages/mp/msg/_control_instructions.py'...
[8.667s] -- Installing: /home/shivam/code-masala/SeDriCa-BatMobile-v2/install/mp/lib/libmp__rosidl_generator_py.so
[8.668s] -- Set runtime path of "/home/shivam/code-masala/SeDriCa-BatMobile-v2/install/mp/lib/libmp__rosidl_generator_py.so" to ""
[8.668s] -- Installing: /home/shivam/code-masala/SeDriCa-BatMobile-v2/install/mp/share/mp/cmake/export_mp__rosidl_generator_cExport.cmake
[8.668s] -- Installing: /home/shivam/code-masala/SeDriCa-BatMobile-v2/install/mp/share/mp/cmake/export_mp__rosidl_generator_cExport-noconfig.cmake
[8.668s] -- Installing: /home/shivam/code-masala/SeDriCa-BatMobile-v2/install/mp/share/mp/cmake/export_mp__rosidl_typesupport_fastrtps_cExport.cmake
[8.668s] -- Installing: /home/shivam/code-masala/SeDriCa-BatMobile-v2/install/mp/share/mp/cmake/export_mp__rosidl_typesupport_fastrtps_cExport-noconfig.cmake
[8.668s] -- Installing: /home/shivam/code-masala/SeDriCa-BatMobile-v2/install/mp/share/mp/cmake/export_mp__rosidl_generator_cppExport.cmake
[8.668s] -- Installing: /home/shivam/code-masala/SeDriCa-BatMobile-v2/install/mp/share/mp/cmake/export_mp__rosidl_typesupport_fastrtps_cppExport.cmake
[8.668s] -- Installing: /home/shivam/code-masala/SeDriCa-BatMobile-v2/install/mp/share/mp/cmake/export_mp__rosidl_typesupport_fastrtps_cppExport-noconfig.cmake
[8.668s] -- Installing: /home/shivam/code-masala/SeDriCa-BatMobile-v2/install/mp/share/mp/cmake/mp__rosidl_typesupport_introspection_cExport.cmake
[8.668s] -- Installing: /home/shivam/code-masala/SeDriCa-BatMobile-v2/install/mp/share/mp/cmake/mp__rosidl_typesupport_introspection_cExport-noconfig.cmake
[8.668s] -- Installing: /home/shivam/code-masala/SeDriCa-BatMobile-v2/install/mp/share/mp/cmake/mp__rosidl_typesupport_cExport.cmake
[8.668s] -- Installing: /home/shivam/code-masala/SeDriCa-BatMobile-v2/install/mp/share/mp/cmake/mp__rosidl_typesupport_cExport-noconfig.cmake
[8.668s] -- Installing: /home/shivam/code-masala/SeDriCa-BatMobile-v2/install/mp/share/mp/cmake/mp__rosidl_typesupport_introspection_cppExport.cmake
[8.668s] -- Installing: /home/shivam/code-masala/SeDriCa-BatMobile-v2/install/mp/share/mp/cmake/mp__rosidl_typesupport_introspection_cppExport-noconfig.cmake
[8.668s] -- Installing: /home/shivam/code-masala/SeDriCa-BatMobile-v2/install/mp/share/mp/cmake/mp__rosidl_typesupport_cppExport.cmake
[8.668s] -- Installing: /home/shivam/code-masala/SeDriCa-BatMobile-v2/install/mp/share/mp/cmake/mp__rosidl_typesupport_cppExport-noconfig.cmake
[8.668s] -- Installing: /home/shivam/code-masala/SeDriCa-BatMobile-v2/install/mp/share/mp/cmake/export_mp__rosidl_generator_pyExport.cmake
[8.669s] -- Installing: /home/shivam/code-masala/SeDriCa-BatMobile-v2/install/mp/share/mp/cmake/export_mp__rosidl_generator_pyExport-noconfig.cmake
[8.671s] Invoked command in '/home/shivam/code-masala/SeDriCa-BatMobile-v2/build/mp' returned '0': CMAKE_PREFIX_PATH=/opt/ros/humble /usr/bin/cmake --install /home/shivam/code-masala/SeDriCa-BatMobile-v2/build/mp
