running develop
running egg_info
creating batmobile_perception.egg-info
writing batmobile_perception.egg-info/PKG-INFO
writing dependency_links to batmobile_perception.egg-info/dependency_links.txt
writing entry points to batmobile_perception.egg-info/entry_points.txt
writing requirements to batmobile_perception.egg-info/requires.txt
writing top-level names to batmobile_perception.egg-info/top_level.txt
writing manifest file 'batmobile_perception.egg-info/SOURCES.txt'
reading manifest file 'batmobile_perception.egg-info/SOURCES.txt'
writing manifest file 'batmobile_perception.egg-info/SOURCES.txt'
running build_ext
Creating /home/shivam/code-masala/SeDriCa-BatMobile-v2/install/batmobile_perception/lib/python3.10/site-packages/batmobile-perception.egg-link (link to .)
Installing locate_func script to /home/shivam/code-masala/SeDriCa-BatMobile-v2/install/batmobile_perception/lib/batmobile_perception
Installing publisher script to /home/shivam/code-masala/SeDriCa-BatMobile-v2/install/batmobile_perception/lib/batmobile_perception
Installing subscriber script to /home/shivam/code-masala/SeDriCa-BatMobile-v2/install/batmobile_perception/lib/batmobile_perception

Installed /home/shivam/code-masala/SeDriCa-BatMobile-v2/build/batmobile_perception
running symlink_data
creating /home/shivam/code-masala/SeDriCa-BatMobile-v2/install/batmobile_perception/share/ament_index
creating /home/shivam/code-masala/SeDriCa-BatMobile-v2/install/batmobile_perception/share/ament_index/resource_index
creating /home/shivam/code-masala/SeDriCa-BatMobile-v2/install/batmobile_perception/share/ament_index/resource_index/packages
symbolically linking /home/shivam/code-masala/SeDriCa-BatMobile-v2/build/batmobile_perception/resource/batmobile_perception -> /home/shivam/code-masala/SeDriCa-BatMobile-v2/install/batmobile_perception/share/ament_index/resource_index/packages
symbolically linking /home/shivam/code-masala/SeDriCa-BatMobile-v2/build/batmobile_perception/package.xml -> /home/shivam/code-masala/SeDriCa-BatMobile-v2/install/batmobile_perception/share/batmobile_perception
