running egg_info
writing ../../../build/batmobile_perception/batmobile_perception.egg-info/PKG-INFO
writing dependency_links to ../../../build/batmobile_perception/batmobile_perception.egg-info/dependency_links.txt
writing entry points to ../../../build/batmobile_perception/batmobile_perception.egg-info/entry_points.txt
writing requirements to ../../../build/batmobile_perception/batmobile_perception.egg-info/requires.txt
writing top-level names to ../../../build/batmobile_perception/batmobile_perception.egg-info/top_level.txt
reading manifest file '../../../build/batmobile_perception/batmobile_perception.egg-info/SOURCES.txt'
writing manifest file '../../../build/batmobile_perception/batmobile_perception.egg-info/SOURCES.txt'
running build
running build_py
copying batmobile_perception/publisher_node.py -> /home/shivam/code-masala/SeDriCa-BatMobile-v2/build/batmobile_perception/build/lib/batmobile_perception
copying batmobile_perception/locale2.py -> /home/shivam/code-masala/SeDriCa-BatMobile-v2/build/batmobile_perception/build/lib/batmobile_perception
copying batmobile_perception/locate_func.py -> /home/shivam/code-masala/SeDriCa-BatMobile-v2/build/batmobile_perception/build/lib/batmobile_perception
running install
running install_lib
copying /home/shivam/code-masala/SeDriCa-BatMobile-v2/build/batmobile_perception/build/lib/batmobile_perception/publisher_node.py -> /home/shivam/code-masala/SeDriCa-BatMobile-v2/install/batmobile_perception/lib/python3.10/site-packages/batmobile_perception
copying /home/shivam/code-masala/SeDriCa-BatMobile-v2/build/batmobile_perception/build/lib/batmobile_perception/locale2.py -> /home/shivam/code-masala/SeDriCa-BatMobile-v2/install/batmobile_perception/lib/python3.10/site-packages/batmobile_perception
copying /home/shivam/code-masala/SeDriCa-BatMobile-v2/build/batmobile_perception/build/lib/batmobile_perception/locate_func.py -> /home/shivam/code-masala/SeDriCa-BatMobile-v2/install/batmobile_perception/lib/python3.10/site-packages/batmobile_perception
byte-compiling /home/shivam/code-masala/SeDriCa-BatMobile-v2/install/batmobile_perception/lib/python3.10/site-packages/batmobile_perception/publisher_node.py to publisher_node.cpython-310.pyc
byte-compiling /home/shivam/code-masala/SeDriCa-BatMobile-v2/install/batmobile_perception/lib/python3.10/site-packages/batmobile_perception/locale2.py to locale2.cpython-310.pyc
byte-compiling /home/shivam/code-masala/SeDriCa-BatMobile-v2/install/batmobile_perception/lib/python3.10/site-packages/batmobile_perception/locate_func.py to locate_func.cpython-310.pyc
running install_data
running install_egg_info
removing '/home/shivam/code-masala/SeDriCa-BatMobile-v2/install/batmobile_perception/lib/python3.10/site-packages/batmobile_perception-0.0.0-py3.10.egg-info' (and everything under it)
Copying ../../../build/batmobile_perception/batmobile_perception.egg-info to /home/shivam/code-masala/SeDriCa-BatMobile-v2/install/batmobile_perception/lib/python3.10/site-packages/batmobile_perception-0.0.0-py3.10.egg-info
running install_scripts
Installing locate_func script to /home/shivam/code-masala/SeDriCa-BatMobile-v2/install/batmobile_perception/lib/batmobile_perception
Installing publisher script to /home/shivam/code-masala/SeDriCa-BatMobile-v2/install/batmobile_perception/lib/batmobile_perception
Installing subscriber script to /home/shivam/code-masala/SeDriCa-BatMobile-v2/install/batmobile_perception/lib/batmobile_perception
writing list of installed files to '/home/shivam/code-masala/SeDriCa-BatMobile-v2/build/batmobile_perception/install.log'
