[0.382s] Invoking command in '/home/shivam/code-masala/SeDriCa-BatMobile-v2/perception/src/batmobile_perception': PYTHONPATH=/home/shivam/code-masala/SeDriCa-BatMobile-v2/build/batmobile_perception/prefix_override:/usr/lib/python3/dist-packages/colcon_core/task/python/colcon_distutils_commands:/home/shivam/code-masala/SeDriCa-BatMobile-v2/install/batmobile_perception/lib/python3.10/site-packages:${PYTHONPATH} /usr/bin/python3 -W ignore:setup.py install is deprecated -W ignore:easy_install command is deprecated setup.py egg_info --egg-base ../../../build/batmobile_perception build --build-base /home/shivam/code-masala/SeDriCa-BatMobile-v2/build/batmobile_perception/build install --record /home/shivam/code-masala/SeDriCa-BatMobile-v2/build/batmobile_perception/install.log --single-version-externally-managed install_data
[0.543s] running egg_info
[0.543s] writing ../../../build/batmobile_perception/batmobile_perception.egg-info/PKG-INFO
[0.543s] writing dependency_links to ../../../build/batmobile_perception/batmobile_perception.egg-info/dependency_links.txt
[0.543s] writing entry points to ../../../build/batmobile_perception/batmobile_perception.egg-info/entry_points.txt
[0.543s] writing requirements to ../../../build/batmobile_perception/batmobile_perception.egg-info/requires.txt
[0.543s] writing top-level names to ../../../build/batmobile_perception/batmobile_perception.egg-info/top_level.txt
[0.544s] reading manifest file '../../../build/batmobile_perception/batmobile_perception.egg-info/SOURCES.txt'
[0.545s] writing manifest file '../../../build/batmobile_perception/batmobile_perception.egg-info/SOURCES.txt'
[0.545s] running build
[0.545s] running build_py
[0.545s] copying batmobile_perception/publisher_node.py -> /home/shivam/code-masala/SeDriCa-BatMobile-v2/build/batmobile_perception/build/lib/batmobile_perception
[0.546s] copying batmobile_perception/locale2.py -> /home/shivam/code-masala/SeDriCa-BatMobile-v2/build/batmobile_perception/build/lib/batmobile_perception
[0.546s] copying batmobile_perception/locate_func.py -> /home/shivam/code-masala/SeDriCa-BatMobile-v2/build/batmobile_perception/build/lib/batmobile_perception
[0.546s] running install
[0.546s] running install_lib
[0.547s] copying /home/shivam/code-masala/SeDriCa-BatMobile-v2/build/batmobile_perception/build/lib/batmobile_perception/publisher_node.py -> /home/shivam/code-masala/SeDriCa-BatMobile-v2/install/batmobile_perception/lib/python3.10/site-packages/batmobile_perception
[0.547s] copying /home/shivam/code-masala/SeDriCa-BatMobile-v2/build/batmobile_perception/build/lib/batmobile_perception/locale2.py -> /home/shivam/code-masala/SeDriCa-BatMobile-v2/install/batmobile_perception/lib/python3.10/site-packages/batmobile_perception
[0.547s] copying /home/shivam/code-masala/SeDriCa-BatMobile-v2/build/batmobile_perception/build/lib/batmobile_perception/locate_func.py -> /home/shivam/code-masala/SeDriCa-BatMobile-v2/install/batmobile_perception/lib/python3.10/site-packages/batmobile_perception
[0.547s] byte-compiling /home/shivam/code-masala/SeDriCa-BatMobile-v2/install/batmobile_perception/lib/python3.10/site-packages/batmobile_perception/publisher_node.py to publisher_node.cpython-310.pyc
[0.547s] byte-compiling /home/shivam/code-masala/SeDriCa-BatMobile-v2/install/batmobile_perception/lib/python3.10/site-packages/batmobile_perception/locale2.py to locale2.cpython-310.pyc
[0.548s] byte-compiling /home/shivam/code-masala/SeDriCa-BatMobile-v2/install/batmobile_perception/lib/python3.10/site-packages/batmobile_perception/locate_func.py to locate_func.cpython-310.pyc
[0.548s] running install_data
[0.548s] running install_egg_info
[0.550s] removing '/home/shivam/code-masala/SeDriCa-BatMobile-v2/install/batmobile_perception/lib/python3.10/site-packages/batmobile_perception-0.0.0-py3.10.egg-info' (and everything under it)
[0.550s] Copying ../../../build/batmobile_perception/batmobile_perception.egg-info to /home/shivam/code-masala/SeDriCa-BatMobile-v2/install/batmobile_perception/lib/python3.10/site-packages/batmobile_perception-0.0.0-py3.10.egg-info
[0.550s] running install_scripts
[0.564s] Installing locate_func script to /home/shivam/code-masala/SeDriCa-BatMobile-v2/install/batmobile_perception/lib/batmobile_perception
[0.564s] Installing publisher script to /home/shivam/code-masala/SeDriCa-BatMobile-v2/install/batmobile_perception/lib/batmobile_perception
[0.564s] Installing subscriber script to /home/shivam/code-masala/SeDriCa-BatMobile-v2/install/batmobile_perception/lib/batmobile_perception
[0.564s] writing list of installed files to '/home/shivam/code-masala/SeDriCa-BatMobile-v2/build/batmobile_perception/install.log'
[0.579s] Invoked command in '/home/shivam/code-masala/SeDriCa-BatMobile-v2/perception/src/batmobile_perception' returned '0': PYTHONPATH=/home/shivam/code-masala/SeDriCa-BatMobile-v2/build/batmobile_perception/prefix_override:/usr/lib/python3/dist-packages/colcon_core/task/python/colcon_distutils_commands:/home/shivam/code-masala/SeDriCa-BatMobile-v2/install/batmobile_perception/lib/python3.10/site-packages:${PYTHONPATH} /usr/bin/python3 -W ignore:setup.py install is deprecated -W ignore:easy_install command is deprecated setup.py egg_info --egg-base ../../../build/batmobile_perception build --build-base /home/shivam/code-masala/SeDriCa-BatMobile-v2/build/batmobile_perception/build install --record /home/shivam/code-masala/SeDriCa-BatMobile-v2/build/batmobile_perception/install.log --single-version-externally-managed install_data
