-- Found ament_cmake: 1.3.11 (/opt/ros/humble/share/ament_cmake/cmake)
-- Override CMake install command with custom implementation using symlinks instead of copying resources
-- Found rclcpp: 16.0.12 (/opt/ros/humble/share/rclcpp/cmake)
-- Found rosidl_generator_c: 3.1.6 (/opt/ros/humble/share/rosidl_generator_c/cmake)
-- Found rosidl_adapter: 3.1.6 (/opt/ros/humble/share/rosidl_adapter/cmake)
-- Found rosidl_generator_cpp: 3.1.6 (/opt/ros/humble/share/rosidl_generator_cpp/cmake)
-- Using all available rosidl_typesupport_c: rosidl_typesupport_fastrtps_c;rosidl_typesupport_introspection_c
-- Using all available rosidl_typesupport_cpp: rosidl_typesupport_fastrtps_cpp;rosidl_typesupport_introspection_cpp
-- Found rmw_implementation_cmake: 6.1.2 (/opt/ros/humble/share/rmw_implementation_cmake/cmake)
-- Found rmw_fastrtps_cpp: 6.2.7 (/opt/ros/humble/share/rmw_fastrtps_cpp/cmake)
-- Using RMW implementation 'rmw_fastrtps_cpp' as default
-- Found geometry_msgs: 4.8.0 (/opt/ros/humble/share/geometry_msgs/cmake)
-- Found rosidl_default_generators: 1.2.0 (/opt/ros/humble/share/rosidl_default_generators/cmake)
-- Found ament_cmake_ros: 0.10.0 (/opt/ros/humble/share/ament_cmake_ros/cmake)
-- Using all available rosidl_typesupport_c: rosidl_typesupport_fastrtps_c;rosidl_typesupport_introspection_c
-- Using all available rosidl_typesupport_cpp: rosidl_typesupport_fastrtps_cpp;rosidl_typesupport_introspection_cpp
-- Found python_cmake_module: 0.10.0 (/opt/ros/humble/share/python_cmake_module/cmake)
-- Using PYTHON_EXECUTABLE: /usr/bin/python3
-- Using PYTHON_INCLUDE_DIRS: /usr/include/python3.10
-- Using PYTHON_LIBRARIES: /usr/lib/x86_64-linux-gnu/libpython3.10.so
-- Found ament_lint_auto: 0.12.12 (/opt/ros/humble/share/ament_lint_auto/cmake)
-- Added test 'cppcheck' to perform static code analysis on C / C++ code
-- Configured cppcheck include dirs: 
-- Configured cppcheck exclude dirs and/or files: 
-- Added test 'lint_cmake' to check CMake code style
-- Added test 'uncrustify' to check C / C++ code style
-- Configured uncrustify additional arguments: 
-- Added test 'xmllint' to check XML markup files
-- Configuring done
-- Generating done
-- Build files have been written to: /home/shivam/code-masala/SeDriCa-BatMobile-v2/build/mp
[35m[1mConsolidate compiler generated dependencies of target mp__rosidl_generator_c[0m
[  3%] Built target mp__cpp
[ 12%] Built target mp__rosidl_generator_c
[ 12%] Built target ament_cmake_python_symlink_mp
[35m[1mConsolidate compiler generated dependencies of target mp__rosidl_typesupport_fastrtps_cpp[0m
[35m[1mConsolidate compiler generated dependencies of target mp__rosidl_typesupport_c[0m
[35m[1mConsolidate compiler generated dependencies of target mp__rosidl_typesupport_introspection_c[0m
[35m[1mConsolidate compiler generated dependencies of target mp__rosidl_typesupport_fastrtps_c[0m
[35m[1mConsolidate compiler generated dependencies of target mp__rosidl_typesupport_cpp[0m
[35m[1mConsolidate compiler generated dependencies of target mp__rosidl_typesupport_introspection_cpp[0m
[ 24%] Built target mp__rosidl_typesupport_c
[ 30%] Built target mp__rosidl_typesupport_introspection_c
[ 39%] Built target mp__rosidl_typesupport_fastrtps_cpp
[ 48%] Built target mp__rosidl_typesupport_cpp
[ 57%] Built target mp__rosidl_typesupport_fastrtps_c
[ 66%] Built target mp__rosidl_typesupport_introspection_cpp
[35m[1mConsolidate compiler generated dependencies of target coordinates_receiver[0m
[ 66%] Built target mp
[ 72%] Built target coordinates_receiver
[ 75%] Built target mp__py
[35m[1mConsolidate compiler generated dependencies of target mp__rosidl_generator_py[0m
[ 81%] Built target mp__rosidl_generator_py
[35m[1mConsolidate compiler generated dependencies of target mp__rosidl_typesupport_fastrtps_c__pyext[0m
[35m[1mConsolidate compiler generated dependencies of target mp__rosidl_typesupport_introspection_c__pyext[0m
[35m[1mConsolidate compiler generated dependencies of target mp__rosidl_typesupport_c__pyext[0m
[ 87%] Built target mp__rosidl_typesupport_introspection_c__pyext
[ 93%] Built target mp__rosidl_typesupport_fastrtps_c__pyext
[100%] Built target mp__rosidl_typesupport_c__pyext
running egg_info
writing mp.egg-info/PKG-INFO
writing dependency_links to mp.egg-info/dependency_links.txt
writing top-level names to mp.egg-info/top_level.txt
reading manifest file 'mp.egg-info/SOURCES.txt'
writing manifest file 'mp.egg-info/SOURCES.txt'
[100%] Built target ament_cmake_python_build_mp_egg
-- Install configuration: ""
-- Execute custom install script
-- Up-to-date symlink: /home/shivam/code-masala/SeDriCa-BatMobile-v2/install/mp/share/ament_index/resource_index/rosidl_interfaces/mp
-- Up-to-date symlink: /home/shivam/code-masala/SeDriCa-BatMobile-v2/install/mp/include/mp/mp/msg/control_instructions.h
-- Up-to-date symlink: /home/shivam/code-masala/SeDriCa-BatMobile-v2/install/mp/include/mp/mp/msg/detail/control_instructions__functions.h
-- Up-to-date symlink: /home/shivam/code-masala/SeDriCa-BatMobile-v2/install/mp/include/mp/mp/msg/detail/control_instructions__struct.h
-- Up-to-date symlink: /home/shivam/code-masala/SeDriCa-BatMobile-v2/install/mp/include/mp/mp/msg/detail/control_instructions__type_support.h
-- Up-to-date symlink: /home/shivam/code-masala/SeDriCa-BatMobile-v2/install/mp/include/mp/mp/msg/rosidl_generator_c__visibility_control.h
-- Up-to-date symlink: /home/shivam/code-masala/SeDriCa-BatMobile-v2/install/mp/share/mp/environment/library_path.sh
-- Up-to-date symlink: /home/shivam/code-masala/SeDriCa-BatMobile-v2/install/mp/share/mp/environment/library_path.dsv
-- Up-to-date symlink: /home/shivam/code-masala/SeDriCa-BatMobile-v2/install/mp/include/mp/mp/msg/detail/control_instructions__rosidl_typesupport_fastrtps_c.h
-- Up-to-date symlink: /home/shivam/code-masala/SeDriCa-BatMobile-v2/install/mp/include/mp/mp/msg/rosidl_typesupport_fastrtps_c__visibility_control.h
-- Up-to-date symlink: /home/shivam/code-masala/SeDriCa-BatMobile-v2/install/mp/include/mp/mp/msg/control_instructions.hpp
-- Up-to-date symlink: /home/shivam/code-masala/SeDriCa-BatMobile-v2/install/mp/include/mp/mp/msg/detail/control_instructions__builder.hpp
-- Up-to-date symlink: /home/shivam/code-masala/SeDriCa-BatMobile-v2/install/mp/include/mp/mp/msg/detail/control_instructions__struct.hpp
-- Up-to-date symlink: /home/shivam/code-masala/SeDriCa-BatMobile-v2/install/mp/include/mp/mp/msg/detail/control_instructions__traits.hpp
-- Up-to-date symlink: /home/shivam/code-masala/SeDriCa-BatMobile-v2/install/mp/include/mp/mp/msg/detail/control_instructions__type_support.hpp
-- Up-to-date symlink: /home/shivam/code-masala/SeDriCa-BatMobile-v2/install/mp/include/mp/mp/msg/rosidl_generator_cpp__visibility_control.hpp
-- Up-to-date symlink: /home/shivam/code-masala/SeDriCa-BatMobile-v2/install/mp/include/mp/mp/msg/detail/control_instructions__rosidl_typesupport_fastrtps_cpp.hpp
-- Up-to-date symlink: /home/shivam/code-masala/SeDriCa-BatMobile-v2/install/mp/include/mp/mp/msg/rosidl_typesupport_fastrtps_cpp__visibility_control.h
-- Up-to-date symlink: /home/shivam/code-masala/SeDriCa-BatMobile-v2/install/mp/include/mp/mp/msg/detail/control_instructions__rosidl_typesupport_introspection_c.h
-- Up-to-date symlink: /home/shivam/code-masala/SeDriCa-BatMobile-v2/install/mp/include/mp/mp/msg/rosidl_typesupport_introspection_c__visibility_control.h
-- Up-to-date symlink: /home/shivam/code-masala/SeDriCa-BatMobile-v2/install/mp/include/mp/mp/msg/detail/control_instructions__rosidl_typesupport_introspection_cpp.hpp
-- Up-to-date symlink: /home/shivam/code-masala/SeDriCa-BatMobile-v2/install/mp/share/mp/environment/pythonpath.sh
-- Up-to-date symlink: /home/shivam/code-masala/SeDriCa-BatMobile-v2/install/mp/share/mp/environment/pythonpath.dsv
-- Up-to-date symlink: /home/shivam/code-masala/SeDriCa-BatMobile-v2/install/mp/local/lib/python3.10/dist-packages/mp-0.0.0-py3.10.egg-info/PKG-INFO
-- Up-to-date symlink: /home/shivam/code-masala/SeDriCa-BatMobile-v2/install/mp/local/lib/python3.10/dist-packages/mp-0.0.0-py3.10.egg-info/SOURCES.txt
-- Up-to-date symlink: /home/shivam/code-masala/SeDriCa-BatMobile-v2/install/mp/local/lib/python3.10/dist-packages/mp-0.0.0-py3.10.egg-info/dependency_links.txt
-- Up-to-date symlink: /home/shivam/code-masala/SeDriCa-BatMobile-v2/install/mp/local/lib/python3.10/dist-packages/mp-0.0.0-py3.10.egg-info/top_level.txt
-- Up-to-date symlink: /home/shivam/code-masala/SeDriCa-BatMobile-v2/install/mp/local/lib/python3.10/dist-packages/mp/__init__.py
-- Up-to-date symlink: /home/shivam/code-masala/SeDriCa-BatMobile-v2/install/mp/local/lib/python3.10/dist-packages/mp/_mp_s.ep.rosidl_typesupport_c.c
-- Up-to-date symlink: /home/shivam/code-masala/SeDriCa-BatMobile-v2/install/mp/local/lib/python3.10/dist-packages/mp/_mp_s.ep.rosidl_typesupport_fastrtps_c.c
-- Up-to-date symlink: /home/shivam/code-masala/SeDriCa-BatMobile-v2/install/mp/local/lib/python3.10/dist-packages/mp/_mp_s.ep.rosidl_typesupport_introspection_c.c
-- Up-to-date symlink: /home/shivam/code-masala/SeDriCa-BatMobile-v2/install/mp/local/lib/python3.10/dist-packages/mp/libmp__rosidl_generator_py.so
-- Up-to-date symlink: /home/shivam/code-masala/SeDriCa-BatMobile-v2/install/mp/local/lib/python3.10/dist-packages/mp/mp_s__rosidl_typesupport_c.cpython-310-x86_64-linux-gnu.so
-- Up-to-date symlink: /home/shivam/code-masala/SeDriCa-BatMobile-v2/install/mp/local/lib/python3.10/dist-packages/mp/mp_s__rosidl_typesupport_fastrtps_c.cpython-310-x86_64-linux-gnu.so
-- Up-to-date symlink: /home/shivam/code-masala/SeDriCa-BatMobile-v2/install/mp/local/lib/python3.10/dist-packages/mp/mp_s__rosidl_typesupport_introspection_c.cpython-310-x86_64-linux-gnu.so
-- Up-to-date symlink: /home/shivam/code-masala/SeDriCa-BatMobile-v2/install/mp/local/lib/python3.10/dist-packages/mp/msg/__init__.py
-- Up-to-date symlink: /home/shivam/code-masala/SeDriCa-BatMobile-v2/install/mp/local/lib/python3.10/dist-packages/mp/msg/_control_instructions.py
-- Up-to-date symlink: /home/shivam/code-masala/SeDriCa-BatMobile-v2/install/mp/local/lib/python3.10/dist-packages/mp/msg/_control_instructions_s.c
-- Up-to-date symlink: /home/shivam/code-masala/SeDriCa-BatMobile-v2/install/mp/local/lib/python3.10/dist-packages/mp/mp_s__rosidl_typesupport_fastrtps_c.cpython-310-x86_64-linux-gnu.so
-- Up-to-date symlink: /home/shivam/code-masala/SeDriCa-BatMobile-v2/install/mp/local/lib/python3.10/dist-packages/mp/mp_s__rosidl_typesupport_introspection_c.cpython-310-x86_64-linux-gnu.so
-- Up-to-date symlink: /home/shivam/code-masala/SeDriCa-BatMobile-v2/install/mp/local/lib/python3.10/dist-packages/mp/mp_s__rosidl_typesupport_c.cpython-310-x86_64-linux-gnu.so
-- Up-to-date symlink: /home/shivam/code-masala/SeDriCa-BatMobile-v2/install/mp/share/mp/msg/ControlInstructions.idl
-- Up-to-date symlink: /home/shivam/code-masala/SeDriCa-BatMobile-v2/install/mp/share/mp/msg/ControlInstructions.msg
-- Up-to-date symlink: /home/shivam/code-masala/SeDriCa-BatMobile-v2/install/mp/lib/mp/coordinates_receiver
-- Up-to-date symlink: /home/shivam/code-masala/SeDriCa-BatMobile-v2/install/mp/share/mp/msg/msg/ControlInstructions.msg
-- Up-to-date symlink: /home/shivam/code-masala/SeDriCa-BatMobile-v2/install/mp/share/ament_index/resource_index/package_run_dependencies/mp
-- Up-to-date symlink: /home/shivam/code-masala/SeDriCa-BatMobile-v2/install/mp/share/ament_index/resource_index/parent_prefix_path/mp
-- Up-to-date symlink: /home/shivam/code-masala/SeDriCa-BatMobile-v2/install/mp/share/mp/environment/ament_prefix_path.sh
-- Up-to-date symlink: /home/shivam/code-masala/SeDriCa-BatMobile-v2/install/mp/share/mp/environment/ament_prefix_path.dsv
-- Up-to-date symlink: /home/shivam/code-masala/SeDriCa-BatMobile-v2/install/mp/share/mp/environment/path.sh
-- Up-to-date symlink: /home/shivam/code-masala/SeDriCa-BatMobile-v2/install/mp/share/mp/environment/path.dsv
-- Up-to-date symlink: /home/shivam/code-masala/SeDriCa-BatMobile-v2/install/mp/share/mp/local_setup.bash
-- Up-to-date symlink: /home/shivam/code-masala/SeDriCa-BatMobile-v2/install/mp/share/mp/local_setup.sh
-- Up-to-date symlink: /home/shivam/code-masala/SeDriCa-BatMobile-v2/install/mp/share/mp/local_setup.zsh
-- Up-to-date symlink: /home/shivam/code-masala/SeDriCa-BatMobile-v2/install/mp/share/mp/local_setup.dsv
-- Symlinking: /home/shivam/code-masala/SeDriCa-BatMobile-v2/install/mp/share/mp/package.dsv
-- Up-to-date symlink: /home/shivam/code-masala/SeDriCa-BatMobile-v2/install/mp/share/ament_index/resource_index/packages/mp
-- Up-to-date symlink: /home/shivam/code-masala/SeDriCa-BatMobile-v2/install/mp/share/mp/cmake/rosidl_cmake-extras.cmake
-- Up-to-date symlink: /home/shivam/code-masala/SeDriCa-BatMobile-v2/install/mp/share/mp/cmake/ament_cmake_export_include_directories-extras.cmake
-- Up-to-date symlink: /home/shivam/code-masala/SeDriCa-BatMobile-v2/install/mp/share/mp/cmake/ament_cmake_export_libraries-extras.cmake
-- Up-to-date symlink: /home/shivam/code-masala/SeDriCa-BatMobile-v2/install/mp/share/mp/cmake/ament_cmake_export_targets-extras.cmake
-- Up-to-date symlink: /home/shivam/code-masala/SeDriCa-BatMobile-v2/install/mp/share/mp/cmake/rosidl_cmake_export_typesupport_targets-extras.cmake
-- Up-to-date symlink: /home/shivam/code-masala/SeDriCa-BatMobile-v2/install/mp/share/mp/cmake/ament_cmake_export_dependencies-extras.cmake
-- Up-to-date symlink: /home/shivam/code-masala/SeDriCa-BatMobile-v2/install/mp/share/mp/cmake/rosidl_cmake_export_typesupport_libraries-extras.cmake
-- Up-to-date symlink: /home/shivam/code-masala/SeDriCa-BatMobile-v2/install/mp/share/mp/cmake/mpConfig.cmake
-- Up-to-date symlink: /home/shivam/code-masala/SeDriCa-BatMobile-v2/install/mp/share/mp/cmake/mpConfig-version.cmake
-- Up-to-date symlink: /home/shivam/code-masala/SeDriCa-BatMobile-v2/install/mp/share/mp/package.xml
-- Up-to-date: /home/shivam/code-masala/SeDriCa-BatMobile-v2/install/mp/lib/libmp__rosidl_generator_c.so
-- Up-to-date: /home/shivam/code-masala/SeDriCa-BatMobile-v2/install/mp/lib/libmp__rosidl_typesupport_fastrtps_c.so
-- Up-to-date: /home/shivam/code-masala/SeDriCa-BatMobile-v2/install/mp/lib/libmp__rosidl_typesupport_fastrtps_cpp.so
-- Up-to-date: /home/shivam/code-masala/SeDriCa-BatMobile-v2/install/mp/lib/libmp__rosidl_typesupport_introspection_c.so
-- Up-to-date: /home/shivam/code-masala/SeDriCa-BatMobile-v2/install/mp/lib/libmp__rosidl_typesupport_c.so
-- Up-to-date: /home/shivam/code-masala/SeDriCa-BatMobile-v2/install/mp/lib/libmp__rosidl_typesupport_introspection_cpp.so
-- Up-to-date: /home/shivam/code-masala/SeDriCa-BatMobile-v2/install/mp/lib/libmp__rosidl_typesupport_cpp.so
Listing '/home/shivam/code-masala/SeDriCa-BatMobile-v2/install/mp/local/lib/python3.10/dist-packages/mp'...
Compiling '/home/shivam/code-masala/SeDriCa-BatMobile-v2/install/mp/local/lib/python3.10/dist-packages/mp/__init__.py'...
Listing '/home/shivam/code-masala/SeDriCa-BatMobile-v2/install/mp/local/lib/python3.10/dist-packages/mp/msg'...
-- Up-to-date: /home/shivam/code-masala/SeDriCa-BatMobile-v2/install/mp/lib/libmp__rosidl_generator_py.so
-- Up-to-date: /home/shivam/code-masala/SeDriCa-BatMobile-v2/install/mp/share/mp/cmake/export_mp__rosidl_generator_cExport.cmake
-- Up-to-date: /home/shivam/code-masala/SeDriCa-BatMobile-v2/install/mp/share/mp/cmake/export_mp__rosidl_generator_cExport-noconfig.cmake
-- Up-to-date: /home/shivam/code-masala/SeDriCa-BatMobile-v2/install/mp/share/mp/cmake/export_mp__rosidl_typesupport_fastrtps_cExport.cmake
-- Up-to-date: /home/shivam/code-masala/SeDriCa-BatMobile-v2/install/mp/share/mp/cmake/export_mp__rosidl_typesupport_fastrtps_cExport-noconfig.cmake
-- Up-to-date: /home/shivam/code-masala/SeDriCa-BatMobile-v2/install/mp/share/mp/cmake/export_mp__rosidl_generator_cppExport.cmake
-- Up-to-date: /home/shivam/code-masala/SeDriCa-BatMobile-v2/install/mp/share/mp/cmake/export_mp__rosidl_typesupport_fastrtps_cppExport.cmake
-- Up-to-date: /home/shivam/code-masala/SeDriCa-BatMobile-v2/install/mp/share/mp/cmake/export_mp__rosidl_typesupport_fastrtps_cppExport-noconfig.cmake
-- Up-to-date: /home/shivam/code-masala/SeDriCa-BatMobile-v2/install/mp/share/mp/cmake/mp__rosidl_typesupport_introspection_cExport.cmake
-- Up-to-date: /home/shivam/code-masala/SeDriCa-BatMobile-v2/install/mp/share/mp/cmake/mp__rosidl_typesupport_introspection_cExport-noconfig.cmake
-- Up-to-date: /home/shivam/code-masala/SeDriCa-BatMobile-v2/install/mp/share/mp/cmake/mp__rosidl_typesupport_cExport.cmake
-- Up-to-date: /home/shivam/code-masala/SeDriCa-BatMobile-v2/install/mp/share/mp/cmake/mp__rosidl_typesupport_cExport-noconfig.cmake
-- Up-to-date: /home/shivam/code-masala/SeDriCa-BatMobile-v2/install/mp/share/mp/cmake/mp__rosidl_typesupport_introspection_cppExport.cmake
-- Up-to-date: /home/shivam/code-masala/SeDriCa-BatMobile-v2/install/mp/share/mp/cmake/mp__rosidl_typesupport_introspection_cppExport-noconfig.cmake
-- Up-to-date: /home/shivam/code-masala/SeDriCa-BatMobile-v2/install/mp/share/mp/cmake/mp__rosidl_typesupport_cppExport.cmake
-- Up-to-date: /home/shivam/code-masala/SeDriCa-BatMobile-v2/install/mp/share/mp/cmake/mp__rosidl_typesupport_cppExport-noconfig.cmake
-- Up-to-date: /home/shivam/code-masala/SeDriCa-BatMobile-v2/install/mp/share/mp/cmake/export_mp__rosidl_generator_pyExport.cmake
-- Up-to-date: /home/shivam/code-masala/SeDriCa-BatMobile-v2/install/mp/share/mp/cmake/export_mp__rosidl_generator_pyExport-noconfig.cmake
