/home/shivam/code-masala/SeDriCa-BatMobile-v2/install/batmobile_perception/lib/python3.10/site-packages/batmobile_perception/publisher_node.py
/home/shivam/code-masala/SeDriCa-BatMobile-v2/install/batmobile_perception/lib/python3.10/site-packages/batmobile_perception/locale2.py
/home/shivam/code-masala/SeDriCa-BatMobile-v2/install/batmobile_perception/lib/python3.10/site-packages/batmobile_perception/locate_func.py
/home/shivam/code-masala/SeDriCa-BatMobile-v2/install/batmobile_perception/lib/python3.10/site-packages/batmobile_perception/__init__.py
/home/shivam/code-masala/SeDriCa-BatMobile-v2/install/batmobile_perception/lib/python3.10/site-packages/batmobile_perception/__pycache__/publisher_node.cpython-310.pyc
/home/shivam/code-masala/SeDriCa-BatMobile-v2/install/batmobile_perception/lib/python3.10/site-packages/batmobile_perception/__pycache__/locale2.cpython-310.pyc
/home/shivam/code-masala/SeDriCa-BatMobile-v2/install/batmobile_perception/lib/python3.10/site-packages/batmobile_perception/__pycache__/locate_func.cpython-310.pyc
/home/shivam/code-masala/SeDriCa-BatMobile-v2/install/batmobile_perception/lib/python3.10/site-packages/batmobile_perception/__pycache__/__init__.cpython-310.pyc
/home/shivam/code-masala/SeDriCa-BatMobile-v2/install/batmobile_perception/share/ament_index/resource_index/packages/batmobile_perception
/home/shivam/code-masala/SeDriCa-BatMobile-v2/install/batmobile_perception/share/batmobile_perception/package.xml
/home/shivam/code-masala/SeDriCa-BatMobile-v2/install/batmobile_perception/lib/python3.10/site-packages/batmobile_perception-0.0.0-py3.10.egg-info/PKG-INFO
/home/shivam/code-masala/SeDriCa-BatMobile-v2/install/batmobile_perception/lib/python3.10/site-packages/batmobile_perception-0.0.0-py3.10.egg-info/zip-safe
/home/shivam/code-masala/SeDriCa-BatMobile-v2/install/batmobile_perception/lib/python3.10/site-packages/batmobile_perception-0.0.0-py3.10.egg-info/dependency_links.txt
/home/shivam/code-masala/SeDriCa-BatMobile-v2/install/batmobile_perception/lib/python3.10/site-packages/batmobile_perception-0.0.0-py3.10.egg-info/top_level.txt
/home/shivam/code-masala/SeDriCa-BatMobile-v2/install/batmobile_perception/lib/python3.10/site-packages/batmobile_perception-0.0.0-py3.10.egg-info/SOURCES.txt
/home/shivam/code-masala/SeDriCa-BatMobile-v2/install/batmobile_perception/lib/python3.10/site-packages/batmobile_perception-0.0.0-py3.10.egg-info/entry_points.txt
/home/shivam/code-masala/SeDriCa-BatMobile-v2/install/batmobile_perception/lib/python3.10/site-packages/batmobile_perception-0.0.0-py3.10.egg-info/requires.txt
/home/shivam/code-masala/SeDriCa-BatMobile-v2/install/batmobile_perception/lib/batmobile_perception/locate_func
/home/shivam/code-masala/SeDriCa-BatMobile-v2/install/batmobile_perception/lib/batmobile_perception/publisher
/home/shivam/code-masala/SeDriCa-BatMobile-v2/install/batmobile_perception/lib/batmobile_perception/subscriber
